[2021-12-04T14:08:29.976903+01:00] flutterwave/rave.NOTICE: Generating Reference Number.... [] []
[2021-12-04T14:08:30.008657+01:00] flutterwave/rave.NOTICE: Generated Reference Number....RV_61ab684e021a3 [] []
[2021-12-04T14:08:30.008888+01:00] flutterwave/rave.NOTICE: Rave Class Initializes.... [] []
[2021-12-04T14:08:30.009072+01:00] flutterwave/rave.NOTICE: Generating Checksum.... [] []
[2021-12-04T15:18:22.935346+01:00] flutterwave/rave.NOTICE: Generating Reference Number.... [] []
[2021-12-04T15:18:22.937084+01:00] flutterwave/rave.NOTICE: Generated Reference Number....RV_61ab78aee4c6f [] []
[2021-12-04T15:18:22.937159+01:00] flutterwave/rave.NOTICE: Rave Class Initializes.... [] []
[2021-12-04T15:18:22.937226+01:00] flutterwave/rave.NOTICE: Generating Checksum.... [] []
[2021-12-04T15:19:42.623482+01:00] flutterwave/rave.NOTICE: Generating Reference Number.... [] []
[2021-12-04T15:19:42.625034+01:00] flutterwave/rave.NOTICE: Generated Reference Number....RV_61ab78fe9897e [] []
[2021-12-04T15:19:42.625089+01:00] flutterwave/rave.NOTICE: Rave Class Initializes.... [] []
[2021-12-04T15:19:42.625137+01:00] flutterwave/rave.NOTICE: Generating Checksum.... [] []
[2021-12-04T15:20:14.331122+01:00] flutterwave/rave.NOTICE: Generating Reference Number.... [] []
[2021-12-04T15:20:14.335433+01:00] flutterwave/rave.NOTICE: Generated Reference Number....RV_61ab791e51e2e [] []
[2021-12-04T15:20:14.335608+01:00] flutterwave/rave.NOTICE: Rave Class Initializes.... [] []
[2021-12-04T15:20:14.335698+01:00] flutterwave/rave.NOTICE: Payment was canceled by user..RV_61ab791e51e2e [] []
[2021-12-04T15:21:33.577613+01:00] flutterwave/rave.NOTICE: Generating Reference Number.... [] []
[2021-12-04T15:21:33.579109+01:00] flutterwave/rave.NOTICE: Generated Reference Number....RV_61ab796d8d619 [] []
[2021-12-04T15:21:33.579166+01:00] flutterwave/rave.NOTICE: Rave Class Initializes.... [] []
[2021-12-04T15:21:33.579218+01:00] flutterwave/rave.NOTICE: Generating Checksum.... [] []
[2021-12-04T15:22:53.089133+01:00] flutterwave/rave.NOTICE: Generating Reference Number.... [] []
[2021-12-04T15:22:53.090632+01:00] flutterwave/rave.NOTICE: Generated Reference Number....RV_61ab79bd161fd [] []
[2021-12-04T15:22:53.090690+01:00] flutterwave/rave.NOTICE: Rave Class Initializes.... [] []
[2021-12-04T15:22:53.090741+01:00] flutterwave/rave.NOTICE: Generating Checksum.... [] []
[2021-12-04T15:23:57.768770+01:00] flutterwave/rave.NOTICE: Generating Reference Number.... [] []
[2021-12-04T15:23:57.775875+01:00] flutterwave/rave.NOTICE: Generated Reference Number....RV_61ab79fdbd6a4 [] []
[2021-12-04T15:23:57.776127+01:00] flutterwave/rave.NOTICE: Rave Class Initializes.... [] []
[2021-12-04T15:23:57.776292+01:00] flutterwave/rave.NOTICE: Payment completed. Now requerying payment. [] []
[2021-12-04T15:23:57.776446+01:00] flutterwave/rave.NOTICE: Requerying Transaction....2673555 [] []
[2021-12-04T15:24:02.088402+01:00] flutterwave/rave.NOTICE: Requeryed a successful transaction....{"id":2673555,"tx_ref":"RV_61ab79bd161fd","flw_ref":"flwm3s4m0c1638627835278","device_fingerprint":"3b589a072a3c88a437a31b8ccd0ab83f","amount":3000,"currency":"RWF","charged_amount":3000,"app_fee":87,"merchant_fee":0,"processor_response":"Approved","auth_model":"MOBILEMONEY","ip":"41.186.78.184","narration":"immaculee","status":"successful","payment_type":"mobilemoneyrw","created_at":"2021-12-04T14:23:54.000Z","account_id":1121774,"meta":{"__CheckoutInitAddress":"http:\/\/localhost\/onlinelawyer\/Flutterwave\/processPayment.php"},"amount_settled":2913,"customer":{"id":1459182,"name":"muragijemariya immacule ","phone_number":"0723107347","email":"tresoralain35@gmail.com","created_at":"2021-12-04T14:23:54.000Z"}} [] []
[2021-12-04T15:42:01.033807+01:00] flutterwave/rave.NOTICE: Generating Reference Number.... [] []
[2021-12-04T15:42:01.035270+01:00] flutterwave/rave.NOTICE: Generated Reference Number....RV_61ab7e39089ba [] []
[2021-12-04T15:42:01.035328+01:00] flutterwave/rave.NOTICE: Rave Class Initializes.... [] []
[2021-12-04T15:42:01.035379+01:00] flutterwave/rave.NOTICE: Generating Checksum.... [] []
[2021-12-04T15:42:35.507965+01:00] flutterwave/rave.NOTICE: Generating Reference Number.... [] []
[2021-12-04T15:42:35.511456+01:00] flutterwave/rave.NOTICE: Generated Reference Number....RV_61ab7e5b7cdc4 [] []
[2021-12-04T15:42:35.511633+01:00] flutterwave/rave.NOTICE: Rave Class Initializes.... [] []
[2021-12-04T15:42:35.511888+01:00] flutterwave/rave.NOTICE: Payment completed. Now requerying payment. [] []
[2021-12-04T15:42:35.512039+01:00] flutterwave/rave.NOTICE: Requerying Transaction....2673565 [] []
[2021-12-04T15:42:37.147793+01:00] flutterwave/rave.NOTICE: Requeryed a successful transaction....{"id":2673565,"tx_ref":"RV_61ab7e39089ba","flw_ref":"flwm3s4m0c1638628953203","device_fingerprint":"3b589a072a3c88a437a31b8ccd0ab83f","amount":6000,"currency":"RWF","charged_amount":6000,"app_fee":174,"merchant_fee":0,"processor_response":"Approved","auth_model":"MOBILEMONEY","ip":"41.186.78.184","narration":"Online Lawyer Services","status":"successful","payment_type":"mobilemoneyrw","created_at":"2021-12-04T14:42:33.000Z","account_id":1131754,"meta":{"__CheckoutInitAddress":"http:\/\/localhost\/onlinelawyer\/Flutterwave\/processPayment.php"},"amount_settled":5826,"customer":{"id":1459189,"name":"muragijemariya immacule ","phone_number":"0723107347","email":"tresoralain35@gmail.com","created_at":"2021-12-04T14:42:33.000Z"}} [] []
[2021-12-04T15:56:03.927258+01:00] flutterwave/rave.NOTICE: Generating Reference Number.... [] []
[2021-12-04T15:56:03.928797+01:00] flutterwave/rave.NOTICE: Generated Reference Number....RV_61ab8183e2c0c [] []
[2021-12-04T15:56:03.928896+01:00] flutterwave/rave.NOTICE: Rave Class Initializes.... [] []
[2021-12-04T15:56:03.929013+01:00] flutterwave/rave.NOTICE: Generating Checksum.... [] []
[2021-12-04T15:56:59.685770+01:00] flutterwave/rave.NOTICE: Generating Reference Number.... [] []
[2021-12-04T15:56:59.687716+01:00] flutterwave/rave.NOTICE: Generated Reference Number....RV_61ab81bba7e57 [] []
[2021-12-04T15:56:59.687770+01:00] flutterwave/rave.NOTICE: Rave Class Initializes.... [] []
[2021-12-04T15:56:59.687813+01:00] flutterwave/rave.NOTICE: Payment completed. Now requerying payment. [] []
[2021-12-04T15:56:59.687849+01:00] flutterwave/rave.NOTICE: Requerying Transaction....2673576 [] []
[2021-12-04T15:57:02.247203+01:00] flutterwave/rave.NOTICE: Requeryed a successful transaction....{"id":2673576,"tx_ref":"RV_61ab8183e2c0c","flw_ref":"flwm3s4m0c1638629816869","device_fingerprint":"3b589a072a3c88a437a31b8ccd0ab83f","amount":3000,"currency":"RWF","charged_amount":3000,"app_fee":87,"merchant_fee":0,"processor_response":"Approved","auth_model":"MOBILEMONEY","ip":"41.186.78.184","narration":"Online Lawyer Services","status":"successful","payment_type":"mobilemoneyrw","created_at":"2021-12-04T14:56:56.000Z","account_id":1131754,"meta":{"__CheckoutInitAddress":"http:\/\/localhost\/onlinelawyer\/Flutterwave\/processPayment.php"},"amount_settled":2913,"customer":{"id":1459189,"name":"muragijemariya immacule ","phone_number":"0723107347","email":"tresoralain35@gmail.com","created_at":"2021-12-04T14:42:33.000Z"}} [] []
[2021-12-04T15:59:29.281808+01:00] flutterwave/rave.NOTICE: Generating Reference Number.... [] []
[2021-12-04T15:59:29.283473+01:00] flutterwave/rave.NOTICE: Generated Reference Number....RV_61ab825145344 [] []
[2021-12-04T15:59:29.283533+01:00] flutterwave/rave.NOTICE: Rave Class Initializes.... [] []
[2021-12-04T15:59:29.283584+01:00] flutterwave/rave.NOTICE: Generating Checksum.... [] []
[2021-12-04T15:59:59.946139+01:00] flutterwave/rave.NOTICE: Generating Reference Number.... [] []
[2021-12-04T15:59:59.949872+01:00] flutterwave/rave.NOTICE: Generated Reference Number....RV_61ab826fe7e53 [] []
[2021-12-04T15:59:59.949988+01:00] flutterwave/rave.NOTICE: Rave Class Initializes.... [] []
[2021-12-04T15:59:59.950086+01:00] flutterwave/rave.NOTICE: Payment completed. Now requerying payment. [] []
[2021-12-04T15:59:59.950159+01:00] flutterwave/rave.NOTICE: Requerying Transaction....2673583 [] []
[2021-12-04T16:00:01.457282+01:00] flutterwave/rave.NOTICE: Requeryed a successful transaction....{"id":2673583,"tx_ref":"RV_61ab825145344","flw_ref":"flwm3s4m0c1638629997500","device_fingerprint":"3b589a072a3c88a437a31b8ccd0ab83f","amount":3000,"currency":"RWF","charged_amount":3000,"app_fee":87,"merchant_fee":0,"processor_response":"Approved","auth_model":"MOBILEMONEY","ip":"41.186.78.184","narration":"Online Lawyer Services","status":"successful","payment_type":"mobilemoneyrw","created_at":"2021-12-04T14:59:57.000Z","account_id":1131754,"meta":{"__CheckoutInitAddress":"http:\/\/localhost\/onlinelawyer\/Flutterwave\/processPayment.php"},"amount_settled":2913,"customer":{"id":1459189,"name":"muragijemariya immacule ","phone_number":"0723107347","email":"tresoralain35@gmail.com","created_at":"2021-12-04T14:42:33.000Z"}} [] []
[2021-12-04T16:05:15.911231+01:00] flutterwave/rave.NOTICE: Generating Reference Number.... [] []
[2021-12-04T16:05:15.914272+01:00] flutterwave/rave.NOTICE: Generated Reference Number....RV_61ab83abdf318 [] []
[2021-12-04T16:05:15.914396+01:00] flutterwave/rave.NOTICE: Rave Class Initializes.... [] []
[2021-12-04T16:05:15.914489+01:00] flutterwave/rave.NOTICE: Generating Checksum.... [] []
[2021-12-04T16:05:57.734017+01:00] flutterwave/rave.NOTICE: Generating Reference Number.... [] []
[2021-12-04T16:05:57.747259+01:00] flutterwave/rave.NOTICE: Generated Reference Number....RV_61ab83d5b66de [] []
[2021-12-04T16:05:57.747753+01:00] flutterwave/rave.NOTICE: Rave Class Initializes.... [] []
[2021-12-04T16:05:57.748159+01:00] flutterwave/rave.NOTICE: Payment completed. Now requerying payment. [] []
[2021-12-04T16:05:57.748242+01:00] flutterwave/rave.NOTICE: Requerying Transaction....2673597 [] []
[2021-12-04T16:05:59.449073+01:00] flutterwave/rave.NOTICE: Requeryed a successful transaction....{"id":2673597,"tx_ref":"RV_61ab83abdf318","flw_ref":"flwm3s4m0c1638630355090","device_fingerprint":"3b589a072a3c88a437a31b8ccd0ab83f","amount":3000,"currency":"RWF","charged_amount":3000,"app_fee":87,"merchant_fee":0,"processor_response":"Approved","auth_model":"MOBILEMONEY","ip":"41.186.78.184","narration":"Online Lawyer Services","status":"successful","payment_type":"mobilemoneyrw","created_at":"2021-12-04T15:05:54.000Z","account_id":1131754,"meta":{"__CheckoutInitAddress":"http:\/\/localhost\/onlinelawyer\/Flutterwave\/processPayment.php"},"amount_settled":2913,"customer":{"id":1459189,"name":"muragijemariya immacule ","phone_number":"0723107347","email":"tresoralain35@gmail.com","created_at":"2021-12-04T14:42:33.000Z"}} [] []
[2021-12-04T16:08:46.228544+01:00] flutterwave/rave.NOTICE: Generating Reference Number.... [] []
[2021-12-04T16:08:46.230968+01:00] flutterwave/rave.NOTICE: Generated Reference Number....RV_61ab847e3862a [] []
[2021-12-04T16:08:46.231021+01:00] flutterwave/rave.NOTICE: Rave Class Initializes.... [] []
[2021-12-04T16:08:46.231070+01:00] flutterwave/rave.NOTICE: Generating Checksum.... [] []
[2021-12-04T16:16:20.019851+01:00] flutterwave/rave.NOTICE: Generating Reference Number.... [] []
[2021-12-04T16:16:20.021346+01:00] flutterwave/rave.NOTICE: Generated Reference Number....RV_61ab864405356 [] []
[2021-12-04T16:16:20.021399+01:00] flutterwave/rave.NOTICE: Rave Class Initializes.... [] []
[2021-12-04T16:16:20.021447+01:00] flutterwave/rave.NOTICE: Generating Checksum.... [] []
[2021-12-04T16:16:52.031800+01:00] flutterwave/rave.NOTICE: Generating Reference Number.... [] []
[2021-12-04T16:16:52.034626+01:00] flutterwave/rave.NOTICE: Generated Reference Number....RV_61ab86640872e [] []
[2021-12-04T16:16:52.034719+01:00] flutterwave/rave.NOTICE: Rave Class Initializes.... [] []
[2021-12-04T16:16:52.037586+01:00] flutterwave/rave.NOTICE: Payment completed. Now requerying payment. [] []
[2021-12-04T16:16:52.037675+01:00] flutterwave/rave.NOTICE: Requerying Transaction....2673609 [] []
[2021-12-04T16:16:55.204341+01:00] flutterwave/rave.NOTICE: Requeryed a successful transaction....{"id":2673609,"tx_ref":"RV_61ab864405356","flw_ref":"flwm3s4m0c1638631007913","device_fingerprint":"3b589a072a3c88a437a31b8ccd0ab83f","amount":3000,"currency":"RWF","charged_amount":3000,"app_fee":87,"merchant_fee":0,"processor_response":"Approved","auth_model":"MOBILEMONEY","ip":"41.186.78.184","narration":"Online Lawyer Services","status":"successful","payment_type":"mobilemoneyrw","created_at":"2021-12-04T15:16:47.000Z","account_id":1131754,"meta":{"__CheckoutInitAddress":"http:\/\/localhost\/onlinelawyer\/Flutterwave\/processPayment.php"},"amount_settled":2913,"customer":{"id":1459189,"name":"muragijemariya immacule ","phone_number":"0723107347","email":"tresoralain35@gmail.com","created_at":"2021-12-04T14:42:33.000Z"}} [] []
[2021-12-04T16:19:39.500015+01:00] flutterwave/rave.NOTICE: Generating Reference Number.... [] []
[2021-12-04T16:19:39.501798+01:00] flutterwave/rave.NOTICE: Generated Reference Number....RV_61ab870b7a817 [] []
[2021-12-04T16:19:39.501852+01:00] flutterwave/rave.NOTICE: Rave Class Initializes.... [] []
[2021-12-04T16:19:39.501900+01:00] flutterwave/rave.NOTICE: Generating Checksum.... [] []
[2021-12-04T16:20:14.376775+01:00] flutterwave/rave.NOTICE: Generating Reference Number.... [] []
[2021-12-04T16:20:14.378341+01:00] flutterwave/rave.NOTICE: Generated Reference Number....RV_61ab872e5c5d5 [] []
[2021-12-04T16:20:14.378430+01:00] flutterwave/rave.NOTICE: Rave Class Initializes.... [] []
[2021-12-04T16:20:14.378527+01:00] flutterwave/rave.NOTICE: Payment completed. Now requerying payment. [] []
[2021-12-04T16:20:14.378627+01:00] flutterwave/rave.NOTICE: Requerying Transaction....2673613 [] []
[2021-12-04T16:20:17.344278+01:00] flutterwave/rave.NOTICE: Requeryed a successful transaction....{"id":2673613,"tx_ref":"RV_61ab870b7a817","flw_ref":"flwm3s4m0c1638631212215","device_fingerprint":"3b589a072a3c88a437a31b8ccd0ab83f","amount":3000,"currency":"RWF","charged_amount":3000,"app_fee":87,"merchant_fee":0,"processor_response":"Approved","auth_model":"MOBILEMONEY","ip":"41.186.78.184","narration":"Online Lawyer Services","status":"successful","payment_type":"mobilemoneyrw","created_at":"2021-12-04T15:20:12.000Z","account_id":1131754,"meta":{"__CheckoutInitAddress":"http:\/\/localhost\/onlinelawyer\/Flutterwave\/processPayment.php"},"amount_settled":2913,"customer":{"id":1459189,"name":"muragijemariya immacule ","phone_number":"0723107347","email":"tresoralain35@gmail.com","created_at":"2021-12-04T14:42:33.000Z"}} [] []
[2021-12-04T16:21:41.436646+01:00] flutterwave/rave.NOTICE: Generating Reference Number.... [] []
[2021-12-04T16:21:41.438180+01:00] flutterwave/rave.NOTICE: Generated Reference Number....RV_61ab87856af98 [] []
[2021-12-04T16:21:41.438233+01:00] flutterwave/rave.NOTICE: Rave Class Initializes.... [] []
[2021-12-04T16:21:41.438282+01:00] flutterwave/rave.NOTICE: Generating Checksum.... [] []
[2021-12-04T16:22:16.026855+01:00] flutterwave/rave.NOTICE: Generating Reference Number.... [] []
[2021-12-04T16:22:16.030627+01:00] flutterwave/rave.NOTICE: Generated Reference Number....RV_61ab87a80776c [] []
[2021-12-04T16:22:16.030841+01:00] flutterwave/rave.NOTICE: Rave Class Initializes.... [] []
[2021-12-04T16:22:16.031905+01:00] flutterwave/rave.NOTICE: Payment completed. Now requerying payment. [] []
[2021-12-04T16:22:16.032130+01:00] flutterwave/rave.NOTICE: Requerying Transaction....2673616 [] []
[2021-12-04T16:22:17.468732+01:00] flutterwave/rave.NOTICE: Requeryed a successful transaction....{"id":2673616,"tx_ref":"RV_61ab87856af98","flw_ref":"flwm3s4m0c1638631331708","device_fingerprint":"3b589a072a3c88a437a31b8ccd0ab83f","amount":3000,"currency":"RWF","charged_amount":3000,"app_fee":87,"merchant_fee":0,"processor_response":"Approved","auth_model":"MOBILEMONEY","ip":"41.186.78.184","narration":"Online Lawyer Services","status":"successful","payment_type":"mobilemoneyrw","created_at":"2021-12-04T15:22:11.000Z","account_id":1131754,"meta":{"__CheckoutInitAddress":"http:\/\/localhost\/onlinelawyer\/Flutterwave\/processPayment.php"},"amount_settled":2913,"customer":{"id":1459189,"name":"muragijemariya immacule ","phone_number":"0723107347","email":"tresoralain35@gmail.com","created_at":"2021-12-04T14:42:33.000Z"}} [] []
[2021-12-04T16:23:59.077715+01:00] flutterwave/rave.NOTICE: Generating Reference Number.... [] []
[2021-12-04T16:23:59.079701+01:00] flutterwave/rave.NOTICE: Generated Reference Number....RV_61ab880f13746 [] []
[2021-12-04T16:23:59.079762+01:00] flutterwave/rave.NOTICE: Rave Class Initializes.... [] []
[2021-12-04T16:23:59.079811+01:00] flutterwave/rave.NOTICE: Generating Checksum.... [] []
[2021-12-04T16:24:34.042151+01:00] flutterwave/rave.NOTICE: Generating Reference Number.... [] []
[2021-12-04T16:24:34.045771+01:00] flutterwave/rave.NOTICE: Generated Reference Number....RV_61ab88320b2b3 [] []
[2021-12-04T16:24:34.047134+01:00] flutterwave/rave.NOTICE: Rave Class Initializes.... [] []
[2021-12-04T16:24:34.047334+01:00] flutterwave/rave.NOTICE: Payment completed. Now requerying payment. [] []
[2021-12-04T16:24:34.047517+01:00] flutterwave/rave.NOTICE: Requerying Transaction....2673622 [] []
[2021-12-04T16:24:35.481210+01:00] flutterwave/rave.NOTICE: Requeryed a successful transaction....{"id":2673622,"tx_ref":"RV_61ab880f13746","flw_ref":"flwm3s4m0c1638631469030","device_fingerprint":"3b589a072a3c88a437a31b8ccd0ab83f","amount":3000,"currency":"RWF","charged_amount":3000,"app_fee":87,"merchant_fee":0,"processor_response":"Approved","auth_model":"MOBILEMONEY","ip":"41.186.78.184","narration":"Online Lawyer Services","status":"successful","payment_type":"mobilemoneyrw","created_at":"2021-12-04T15:24:28.000Z","account_id":1131754,"meta":{"__CheckoutInitAddress":"http:\/\/localhost\/onlinelawyer\/Flutterwave\/processPayment.php"},"amount_settled":2913,"customer":{"id":1459189,"name":"muragijemariya immacule ","phone_number":"0723107347","email":"tresoralain35@gmail.com","created_at":"2021-12-04T14:42:33.000Z"}} [] []
[2021-12-04T16:28:29.501012+01:00] flutterwave/rave.NOTICE: Generating Reference Number.... [] []
[2021-12-04T16:28:29.502618+01:00] flutterwave/rave.NOTICE: Generated Reference Number....RV_61ab891d7ab49 [] []
[2021-12-04T16:28:29.502712+01:00] flutterwave/rave.NOTICE: Rave Class Initializes.... [] []
[2021-12-04T16:28:29.502830+01:00] flutterwave/rave.NOTICE: Generating Checksum.... [] []
[2021-12-04T16:29:02.849957+01:00] flutterwave/rave.NOTICE: Generating Reference Number.... [] []
[2021-12-04T16:29:02.851758+01:00] flutterwave/rave.NOTICE: Generated Reference Number....RV_61ab893ecff21 [] []
[2021-12-04T16:29:02.851817+01:00] flutterwave/rave.NOTICE: Rave Class Initializes.... [] []
[2021-12-04T16:29:02.851862+01:00] flutterwave/rave.NOTICE: Payment completed. Now requerying payment. [] []
[2021-12-04T16:29:02.851908+01:00] flutterwave/rave.NOTICE: Requerying Transaction....2673625 [] []
[2021-12-04T16:29:05.213358+01:00] flutterwave/rave.NOTICE: Requeryed a successful transaction....{"id":2673625,"tx_ref":"RV_61ab891d7ab49","flw_ref":"flwm3s4m0c1638631738001","device_fingerprint":"3b589a072a3c88a437a31b8ccd0ab83f","amount":3000,"currency":"RWF","charged_amount":3000,"app_fee":87,"merchant_fee":0,"processor_response":"Approved","auth_model":"MOBILEMONEY","ip":"41.186.78.184","narration":"Online Lawyer Services","status":"successful","payment_type":"mobilemoneyrw","created_at":"2021-12-04T15:28:57.000Z","account_id":1131754,"meta":{"__CheckoutInitAddress":"http:\/\/localhost\/onlinelawyer\/Flutterwave\/processPayment.php"},"amount_settled":2913,"customer":{"id":1459189,"name":"muragijemariya immacule ","phone_number":"0723107347","email":"tresoralain35@gmail.com","created_at":"2021-12-04T14:42:33.000Z"}} [] []
[2021-12-04T17:37:04.023638+01:00] flutterwave/rave.NOTICE: Generating Reference Number.... [] []
[2021-12-04T17:37:04.029610+01:00] flutterwave/rave.NOTICE: Generated Reference Number....RV_61ab993007372 [] []
[2021-12-04T17:37:04.030005+01:00] flutterwave/rave.NOTICE: Rave Class Initializes.... [] []
[2021-12-04T17:37:04.030707+01:00] flutterwave/rave.NOTICE: Generating Checksum.... [] []
[2021-12-04T17:38:57.021868+01:00] flutterwave/rave.NOTICE: Generating Reference Number.... [] []
[2021-12-04T17:38:57.023116+01:00] flutterwave/rave.NOTICE: Generated Reference Number....RV_61ab99a105a41 [] []
[2021-12-04T17:38:57.023208+01:00] flutterwave/rave.NOTICE: Rave Class Initializes.... [] []
[2021-12-04T17:38:57.023348+01:00] flutterwave/rave.NOTICE: Generating Checksum.... [] []
