[2021-12-02T17:12:02.677914+01:00] flutterwave/rave.NOTICE: Generating Reference Number.... [] []
[2021-12-02T17:12:02.721063+01:00] flutterwave/rave.NOTICE: Generated Reference Number....RV_61a8f052b0072 [] []
[2021-12-02T17:12:02.721454+01:00] flutterwave/rave.NOTICE: Rave Class Initializes.... [] []
[2021-12-02T17:12:02.721764+01:00] flutterwave/rave.NOTICE: Generating Checksum.... [] []
[2021-12-02T17:19:32.751518+01:00] flutterwave/rave.NOTICE: Generating Reference Number.... [] []
[2021-12-02T17:19:32.753182+01:00] flutterwave/rave.NOTICE: Generated Reference Number....RV_61a8f214b7e11 [] []
[2021-12-02T17:19:32.753265+01:00] flutterwave/rave.NOTICE: Rave Class Initializes.... [] []
[2021-12-02T17:19:32.753382+01:00] flutterwave/rave.NOTICE: Generating Checksum.... [] []
[2021-12-02T17:20:58.161433+01:00] flutterwave/rave.NOTICE: Generating Reference Number.... [] []
[2021-12-02T17:20:58.163103+01:00] flutterwave/rave.NOTICE: Generated Reference Number....RV_61a8f26a27d0d [] []
[2021-12-02T17:20:58.163208+01:00] flutterwave/rave.NOTICE: Rave Class Initializes.... [] []
[2021-12-02T17:20:58.163345+01:00] flutterwave/rave.NOTICE: Generating Checksum.... [] []
[2021-12-02T17:26:26.816401+01:00] flutterwave/rave.NOTICE: Generating Reference Number.... [] []
[2021-12-02T17:26:26.823282+01:00] flutterwave/rave.NOTICE: Generated Reference Number....RV_61a8f3b2c8fbf [] []
[2021-12-02T17:26:26.823606+01:00] flutterwave/rave.NOTICE: Rave Class Initializes.... [] []
[2021-12-02T17:26:26.823742+01:00] flutterwave/rave.NOTICE: Payment completed. Now requerying payment. [] []
[2021-12-02T17:26:26.823851+01:00] flutterwave/rave.NOTICE: Requerying Transaction....null [] []
[2021-12-02T17:26:59.616183+01:00] flutterwave/rave.NOTICE: Generating Reference Number.... [] []
[2021-12-02T17:26:59.618782+01:00] flutterwave/rave.NOTICE: Generated Reference Number....RV_61a8f3d397108 [] []
[2021-12-02T17:26:59.618881+01:00] flutterwave/rave.NOTICE: Rave Class Initializes.... [] []
[2021-12-02T17:26:59.618969+01:00] flutterwave/rave.NOTICE: Generating Checksum.... [] []
[2021-12-02T17:28:22.305927+01:00] flutterwave/rave.NOTICE: Generating Reference Number.... [] []
[2021-12-02T17:28:22.308453+01:00] flutterwave/rave.NOTICE: Generated Reference Number....RV_61a8f4264b4cf [] []
[2021-12-02T17:28:22.308570+01:00] flutterwave/rave.NOTICE: Rave Class Initializes.... [] []
[2021-12-02T17:28:22.308661+01:00] flutterwave/rave.NOTICE: Payment completed. Now requerying payment. [] []
[2021-12-02T17:28:22.308740+01:00] flutterwave/rave.NOTICE: Requerying Transaction....2669484 [] []
[2021-12-02T17:28:24.254717+01:00] flutterwave/rave.NOTICE: Requeryed a successful transaction....{"id":2669484,"tx_ref":"RV_61a8f3d397108","flw_ref":"flwm3s4m0c1638462497646","device_fingerprint":"7cb03c43428d48c2f736117dd8b4ae1e","amount":5000,"currency":"RWF","charged_amount":5000,"app_fee":145,"merchant_fee":0,"processor_response":"Approved","auth_model":"MOBILEMONEY","ip":"41.186.78.193","narration":"online lawyer","status":"successful","payment_type":"mobilemoneyrw","created_at":"2021-12-02T16:28:17.000Z","account_id":1086458,"meta":{"__CheckoutInitAddress":"http:\/\/localhost\/onlinelawyer\/Flutterwave\/processPayment.php"},"amount_settled":4855,"customer":{"id":1457968,"name":"habimana isaie ","phone_number":"0780591269","email":"onlinelawyers@gmail.com","created_at":"2021-12-02T16:28:17.000Z"}} [] []
