[2021-12-01T17:12:45.088716+01:00] flutterwave/rave.NOTICE: Generating Reference Number.... [] []
[2021-12-01T17:12:45.176457+01:00] flutterwave/rave.NOTICE: Generated Reference Number....RV_61a79efd2b134 [] []
[2021-12-01T17:12:45.176551+01:00] flutterwave/rave.NOTICE: Rave Class Initializes.... [] []
[2021-12-01T17:12:45.176622+01:00] flutterwave/rave.NOTICE: Generating Checksum.... [] []
[2021-12-01T17:14:09.690723+01:00] flutterwave/rave.NOTICE: Generating Reference Number.... [] []
[2021-12-01T17:14:09.695601+01:00] flutterwave/rave.NOTICE: Generated Reference Number....RV_61a79f51a9d1e [] []
[2021-12-01T17:14:09.695760+01:00] flutterwave/rave.NOTICE: Rave Class Initializes.... [] []
[2021-12-01T17:14:09.695904+01:00] flutterwave/rave.NOTICE: Generating Checksum.... [] []
[2021-12-01T17:15:05.814037+01:00] flutterwave/rave.NOTICE: Generating Reference Number.... [] []
[2021-12-01T17:15:05.815216+01:00] flutterwave/rave.NOTICE: Generated Reference Number....RV_61a79f89c7065 [] []
[2021-12-01T17:15:05.815269+01:00] flutterwave/rave.NOTICE: Rave Class Initializes.... [] []
[2021-12-01T17:15:05.815315+01:00] flutterwave/rave.NOTICE: Generating Checksum.... [] []
[2021-12-01T17:16:53.652431+01:00] flutterwave/rave.NOTICE: Generating Reference Number.... [] []
[2021-12-01T17:16:53.653859+01:00] flutterwave/rave.NOTICE: Generated Reference Number....RV_61a79ff59fa19 [] []
[2021-12-01T17:16:53.653914+01:00] flutterwave/rave.NOTICE: Rave Class Initializes.... [] []
[2021-12-01T17:16:53.653957+01:00] flutterwave/rave.NOTICE: Payment was canceled by user..RV_61a79ff59fa19 [] []
[2021-12-01T17:17:13.946433+01:00] flutterwave/rave.NOTICE: Generating Reference Number.... [] []
[2021-12-01T17:17:13.947665+01:00] flutterwave/rave.NOTICE: Generated Reference Number....RV_61a7a009e75c6 [] []
[2021-12-01T17:17:13.947721+01:00] flutterwave/rave.NOTICE: Rave Class Initializes.... [] []
[2021-12-01T17:17:13.947772+01:00] flutterwave/rave.NOTICE: Generating Checksum.... [] []
[2021-12-01T17:18:39.301481+01:00] flutterwave/rave.NOTICE: Generating Reference Number.... [] []
[2021-12-01T17:18:39.303726+01:00] flutterwave/rave.NOTICE: Generated Reference Number....RV_61a7a05f4a25a [] []
[2021-12-01T17:18:39.303813+01:00] flutterwave/rave.NOTICE: Rave Class Initializes.... [] []
[2021-12-01T17:18:39.303887+01:00] flutterwave/rave.NOTICE: Payment completed. Now requerying payment. [] []
[2021-12-01T17:18:39.303972+01:00] flutterwave/rave.NOTICE: Requerying Transaction....2666784 [] []
[2021-12-01T17:18:40.851501+01:00] flutterwave/rave.NOTICE: Requeryed a successful transaction....{"id":2666784,"tx_ref":"RV_61a7a009e75c6","flw_ref":"flwm3s4m0c1638375514317","device_fingerprint":"7cb03c43428d48c2f736117dd8b4ae1e","amount":10000,"currency":"RWF","charged_amount":10000,"app_fee":290,"merchant_fee":0,"processor_response":"Approved","auth_model":"MOBILEMONEY","ip":"41.186.78.182","narration":"online lawyer","status":"successful","payment_type":"mobilemoneyrw","created_at":"2021-12-01T16:18:33.000Z","account_id":1086458,"meta":{"__CheckoutInitAddress":"http:\/\/localhost\/onlinelawyer\/Flutterwave\/processPayment.php"},"amount_settled":9710,"customer":{"id":1456968,"name":"Alain Tresor ","phone_number":"0780591269","email":"busa@yahoo.com","created_at":"2021-12-01T16:18:33.000Z"}} [] []
[2021-12-01T18:33:48.168611+01:00] flutterwave/rave.NOTICE: Generating Reference Number.... [] []
[2021-12-01T18:33:48.170389+01:00] flutterwave/rave.NOTICE: Generated Reference Number....RV_61a7b1fc29988 [] []
[2021-12-01T18:33:48.170449+01:00] flutterwave/rave.NOTICE: Rave Class Initializes.... [] []
[2021-12-01T18:33:48.170500+01:00] flutterwave/rave.NOTICE: Generating Checksum.... [] []
[2021-12-01T18:34:00.001543+01:00] flutterwave/rave.NOTICE: Generating Reference Number.... [] []
[2021-12-01T18:34:00.002818+01:00] flutterwave/rave.NOTICE: Generated Reference Number....RV_61a7b20800af6 [] []
[2021-12-01T18:34:00.002874+01:00] flutterwave/rave.NOTICE: Rave Class Initializes.... [] []
[2021-12-01T18:34:00.002920+01:00] flutterwave/rave.NOTICE: Payment was canceled by user..RV_61a7b20800af6 [] []
[2021-12-01T18:34:56.680638+01:00] flutterwave/rave.NOTICE: Generating Reference Number.... [] []
[2021-12-01T18:34:56.683790+01:00] flutterwave/rave.NOTICE: Generated Reference Number....RV_61a7b240a6ef8 [] []
[2021-12-01T18:34:56.683875+01:00] flutterwave/rave.NOTICE: Rave Class Initializes.... [] []
[2021-12-01T18:34:56.683984+01:00] flutterwave/rave.NOTICE: Generating Checksum.... [] []
[2021-12-01T18:37:22.657689+01:00] flutterwave/rave.NOTICE: Generating Reference Number.... [] []
[2021-12-01T18:37:22.659333+01:00] flutterwave/rave.NOTICE: Generated Reference Number....RV_61a7b2d2a0f78 [] []
[2021-12-01T18:37:22.659399+01:00] flutterwave/rave.NOTICE: Rave Class Initializes.... [] []
[2021-12-01T18:37:22.659461+01:00] flutterwave/rave.NOTICE: Generating Checksum.... [] []
