[2021-11-30T14:44:03.091401+01:00] flutterwave/rave.NOTICE: Generating Reference Number.... [] []
[2021-11-30T14:44:03.093934+01:00] flutterwave/rave.NOTICE: Generated Reference Number....RV_61a62aa316ed4 [] []
[2021-11-30T14:44:03.094062+01:00] flutterwave/rave.NOTICE: Rave Class Initializes.... [] []
[2021-11-30T14:44:03.094180+01:00] flutterwave/rave.NOTICE: Generating Checksum.... [] []
[2021-11-30T14:44:46.959804+01:00] flutterwave/rave.NOTICE: Generating Reference Number.... [] []
[2021-11-30T14:44:46.961177+01:00] flutterwave/rave.NOTICE: Generated Reference Number....RV_61a62aceeaa8d [] []
[2021-11-30T14:44:46.961244+01:00] flutterwave/rave.NOTICE: Rave Class Initializes.... [] []
[2021-11-30T14:44:46.961303+01:00] flutterwave/rave.NOTICE: Generating Checksum.... [] []
[2021-11-30T14:50:02.562611+01:00] flutterwave/rave.NOTICE: Generating Reference Number.... [] []
[2021-11-30T14:50:02.564094+01:00] flutterwave/rave.NOTICE: Generated Reference Number....RV_61a62c0a89b72 [] []
[2021-11-30T14:50:02.564150+01:00] flutterwave/rave.NOTICE: Rave Class Initializes.... [] []
[2021-11-30T14:50:02.564200+01:00] flutterwave/rave.NOTICE: Generating Checksum.... [] []
[2021-11-30T14:50:22.961385+01:00] flutterwave/rave.NOTICE: Generating Reference Number.... [] []
[2021-11-30T14:50:22.962812+01:00] flutterwave/rave.NOTICE: Generated Reference Number....RV_61a62c1eeb0f1 [] []
[2021-11-30T14:50:22.962870+01:00] flutterwave/rave.NOTICE: Rave Class Initializes.... [] []
[2021-11-30T14:50:22.962922+01:00] flutterwave/rave.NOTICE: Generating Checksum.... [] []
[2021-11-30T14:51:33.650734+01:00] flutterwave/rave.NOTICE: Generating Reference Number.... [] []
[2021-11-30T14:51:33.652956+01:00] flutterwave/rave.NOTICE: Generated Reference Number....RV_61a62c659f687 [] []
[2021-11-30T14:51:33.653068+01:00] flutterwave/rave.NOTICE: Rave Class Initializes.... [] []
[2021-11-30T14:51:33.653169+01:00] flutterwave/rave.NOTICE: Generating Checksum.... [] []
[2021-11-30T14:53:12.447280+01:00] flutterwave/rave.NOTICE: Generating Reference Number.... [] []
[2021-11-30T14:53:12.448719+01:00] flutterwave/rave.NOTICE: Generated Reference Number....RV_61a62cc86d8c3 [] []
[2021-11-30T14:53:12.448777+01:00] flutterwave/rave.NOTICE: Rave Class Initializes.... [] []
[2021-11-30T14:53:12.448829+01:00] flutterwave/rave.NOTICE: Generating Checksum.... [] []
[2021-11-30T14:54:25.665710+01:00] flutterwave/rave.NOTICE: Generating Reference Number.... [] []
[2021-11-30T14:54:25.668355+01:00] flutterwave/rave.NOTICE: Generated Reference Number....RV_61a62d11a32a6 [] []
[2021-11-30T14:54:25.668497+01:00] flutterwave/rave.NOTICE: Rave Class Initializes.... [] []
[2021-11-30T14:54:25.668596+01:00] flutterwave/rave.NOTICE: Payment completed. Now requerying payment. [] []
[2021-11-30T14:54:25.668692+01:00] flutterwave/rave.NOTICE: Requerying Transaction....2663348 [] []
[2021-11-30T14:54:28.238455+01:00] flutterwave/rave.NOTICE: Requeryed a successful transaction....{"id":2663348,"tx_ref":"RV_61a62cc86d8c3","flw_ref":"flwm3s4m0c1638280461200","device_fingerprint":"3b589a072a3c88a437a31b8ccd0ab83f","amount":5000,"currency":"RWF","charged_amount":5000,"app_fee":145,"merchant_fee":0,"processor_response":"Approved","auth_model":"MOBILEMONEY","ip":"41.186.78.24","narration":"online lawyer","status":"successful","payment_type":"mobilemoneyrw","created_at":"2021-11-30T13:54:20.000Z","account_id":1086458,"meta":{"__CheckoutInitAddress":"http:\/\/localhost\/onlinelawyer\/Flutterwave\/processPayment.php"},"amount_settled":4855,"customer":{"id":1455573,"name":"Alain Tresor ","phone_number":"0788930898","email":"busa@yahoo.com","created_at":"2021-11-30T13:54:20.000Z"}} [] []
[2021-11-30T14:55:09.544204+01:00] flutterwave/rave.NOTICE: Generating Reference Number.... [] []
[2021-11-30T14:55:09.547280+01:00] flutterwave/rave.NOTICE: Generated Reference Number....RV_61a62d3d859c1 [] []
[2021-11-30T14:55:09.547343+01:00] flutterwave/rave.NOTICE: Rave Class Initializes.... [] []
[2021-11-30T14:55:09.547397+01:00] flutterwave/rave.NOTICE: Generating Checksum.... [] []
[2021-11-30T15:24:08.473450+01:00] flutterwave/rave.NOTICE: Generating Reference Number.... [] []
[2021-11-30T15:24:08.477859+01:00] flutterwave/rave.NOTICE: Generated Reference Number....RV_61a6340874a84 [] []
[2021-11-30T15:24:08.478083+01:00] flutterwave/rave.NOTICE: Rave Class Initializes.... [] []
[2021-11-30T15:24:08.478242+01:00] flutterwave/rave.NOTICE: Generating Checksum.... [] []
[2021-11-30T15:25:21.508695+01:00] flutterwave/rave.NOTICE: Generating Reference Number.... [] []
[2021-11-30T15:25:21.510154+01:00] flutterwave/rave.NOTICE: Generated Reference Number....RV_61a634517c8bd [] []
[2021-11-30T15:25:21.510211+01:00] flutterwave/rave.NOTICE: Rave Class Initializes.... [] []
[2021-11-30T15:25:21.510259+01:00] flutterwave/rave.NOTICE: Generating Checksum.... [] []
[2021-11-30T15:26:39.911332+01:00] flutterwave/rave.NOTICE: Generating Reference Number.... [] []
[2021-11-30T15:26:39.915637+01:00] flutterwave/rave.NOTICE: Generated Reference Number....RV_61a6349fdf86a [] []
[2021-11-30T15:26:39.915789+01:00] flutterwave/rave.NOTICE: Rave Class Initializes.... [] []
[2021-11-30T15:26:39.915888+01:00] flutterwave/rave.NOTICE: Payment completed. Now requerying payment. [] []
[2021-11-30T15:26:39.916059+01:00] flutterwave/rave.NOTICE: Requerying Transaction....2663443 [] []
[2021-11-30T15:26:42.954693+01:00] flutterwave/rave.NOTICE: Requeryed a successful transaction....{"id":2663443,"tx_ref":"RV_61a634517c8bd","flw_ref":"flwm3s4m0c1638282395383","device_fingerprint":"3b589a072a3c88a437a31b8ccd0ab83f","amount":5000,"currency":"RWF","charged_amount":5000,"app_fee":145,"merchant_fee":0,"processor_response":"Approved","auth_model":"MOBILEMONEY","ip":"41.186.78.24","narration":"online lawyer","status":"successful","payment_type":"mobilemoneyrw","created_at":"2021-11-30T14:26:35.000Z","account_id":1086458,"meta":{"__CheckoutInitAddress":"http:\/\/localhost\/onlinelawyer\/Flutterwave\/processPayment.php"},"amount_settled":4855,"customer":{"id":1455573,"name":"Alain Tresor ","phone_number":"0788930898","email":"busa@yahoo.com","created_at":"2021-11-30T13:54:20.000Z"}} [] []
[2021-11-30T15:30:48.284628+01:00] flutterwave/rave.NOTICE: Generating Reference Number.... [] []
[2021-11-30T15:30:48.286108+01:00] flutterwave/rave.NOTICE: Generated Reference Number....RV_61a6359845d90 [] []
[2021-11-30T15:30:48.286164+01:00] flutterwave/rave.NOTICE: Rave Class Initializes.... [] []
[2021-11-30T15:30:48.286214+01:00] flutterwave/rave.NOTICE: Generating Checksum.... [] []
[2021-11-30T15:31:22.926803+01:00] flutterwave/rave.NOTICE: Generating Reference Number.... [] []
[2021-11-30T15:31:22.930890+01:00] flutterwave/rave.NOTICE: Generated Reference Number....RV_61a635bae33a9 [] []
[2021-11-30T15:31:22.931676+01:00] flutterwave/rave.NOTICE: Rave Class Initializes.... [] []
[2021-11-30T15:31:22.933687+01:00] flutterwave/rave.NOTICE: Payment completed. Now requerying payment. [] []
[2021-11-30T15:31:22.933812+01:00] flutterwave/rave.NOTICE: Requerying Transaction....2663461 [] []
[2021-11-30T15:31:24.497190+01:00] flutterwave/rave.NOTICE: Requeryed a successful transaction....{"id":2663461,"tx_ref":"RV_61a6359845d90","flw_ref":"flwm3s4m0c1638282675665","device_fingerprint":"3b589a072a3c88a437a31b8ccd0ab83f","amount":5000,"currency":"RWF","charged_amount":5000,"app_fee":145,"merchant_fee":0,"processor_response":"Approved","auth_model":"MOBILEMONEY","ip":"41.186.78.24","narration":"online lawyer","status":"successful","payment_type":"mobilemoneyrw","created_at":"2021-11-30T14:31:15.000Z","account_id":1086458,"meta":{"__CheckoutInitAddress":"http:\/\/localhost\/onlinelawyer\/Flutterwave\/processPayment.php"},"amount_settled":4855,"customer":{"id":1455573,"name":"Alain Tresor ","phone_number":"0788930898","email":"busa@yahoo.com","created_at":"2021-11-30T13:54:20.000Z"}} [] []
[2021-11-30T15:33:10.213831+01:00] flutterwave/rave.NOTICE: Generating Reference Number.... [] []
[2021-11-30T15:33:10.215112+01:00] flutterwave/rave.NOTICE: Generated Reference Number....RV_61a6362634837 [] []
[2021-11-30T15:33:10.215206+01:00] flutterwave/rave.NOTICE: Rave Class Initializes.... [] []
[2021-11-30T15:33:10.215400+01:00] flutterwave/rave.NOTICE: Generating Checksum.... [] []
[2021-11-30T15:33:42.297738+01:00] flutterwave/rave.NOTICE: Generating Reference Number.... [] []
[2021-11-30T15:33:42.299870+01:00] flutterwave/rave.NOTICE: Generated Reference Number....RV_61a636464934b [] []
[2021-11-30T15:33:42.299974+01:00] flutterwave/rave.NOTICE: Rave Class Initializes.... [] []
[2021-11-30T15:33:42.300082+01:00] flutterwave/rave.NOTICE: Payment completed. Now requerying payment. [] []
[2021-11-30T15:33:42.300173+01:00] flutterwave/rave.NOTICE: Requerying Transaction....2663472 [] []
[2021-11-30T15:33:52.149994+01:00] flutterwave/rave.NOTICE: Requeryed a successful transaction....{"id":2663472,"tx_ref":"RV_61a6362634837","flw_ref":"flwm3s4m0c1638282817203","device_fingerprint":"3b589a072a3c88a437a31b8ccd0ab83f","amount":5000,"currency":"RWF","charged_amount":5000,"app_fee":145,"merchant_fee":0,"processor_response":"Approved","auth_model":"MOBILEMONEY","ip":"41.186.78.24","narration":"online lawyer","status":"successful","payment_type":"mobilemoneyrw","created_at":"2021-11-30T14:33:36.000Z","account_id":1086458,"meta":{"__CheckoutInitAddress":"http:\/\/localhost\/onlinelawyer\/Flutterwave\/processPayment.php"},"amount_settled":4855,"customer":{"id":1455573,"name":"Alain Tresor ","phone_number":"0788930898","email":"busa@yahoo.com","created_at":"2021-11-30T13:54:20.000Z"}} [] []
[2021-11-30T15:34:44.149073+01:00] flutterwave/rave.NOTICE: Generating Reference Number.... [] []
[2021-11-30T15:34:44.150267+01:00] flutterwave/rave.NOTICE: Generated Reference Number....RV_61a6368424af1 [] []
[2021-11-30T15:34:44.150317+01:00] flutterwave/rave.NOTICE: Rave Class Initializes.... [] []
[2021-11-30T15:34:44.150363+01:00] flutterwave/rave.NOTICE: Generating Checksum.... [] []
[2021-11-30T15:35:24.750068+01:00] flutterwave/rave.NOTICE: Generating Reference Number.... [] []
[2021-11-30T15:35:24.752650+01:00] flutterwave/rave.NOTICE: Generated Reference Number....RV_61a636acb7bf3 [] []
[2021-11-30T15:35:24.752764+01:00] flutterwave/rave.NOTICE: Rave Class Initializes.... [] []
[2021-11-30T15:35:24.752839+01:00] flutterwave/rave.NOTICE: Payment completed. Now requerying payment. [] []
[2021-11-30T15:35:24.752900+01:00] flutterwave/rave.NOTICE: Requerying Transaction....2663477 [] []
[2021-11-30T15:35:27.850555+01:00] flutterwave/rave.NOTICE: Requeryed a successful transaction....{"id":2663477,"tx_ref":"RV_61a6368424af1","flw_ref":"flwm3s4m0c1638282918997","device_fingerprint":"3b589a072a3c88a437a31b8ccd0ab83f","amount":5000,"currency":"RWF","charged_amount":5000,"app_fee":145,"merchant_fee":0,"processor_response":"Approved","auth_model":"MOBILEMONEY","ip":"41.186.78.24","narration":"online lawyer","status":"successful","payment_type":"mobilemoneyrw","created_at":"2021-11-30T14:35:18.000Z","account_id":1086458,"meta":{"__CheckoutInitAddress":"http:\/\/localhost\/onlinelawyer\/Flutterwave\/processPayment.php"},"amount_settled":4855,"customer":{"id":1455573,"name":"Alain Tresor ","phone_number":"0788930898","email":"busa@yahoo.com","created_at":"2021-11-30T13:54:20.000Z"}} [] []
[2021-11-30T15:37:57.492203+01:00] flutterwave/rave.NOTICE: Generating Reference Number.... [] []
[2021-11-30T15:37:57.493654+01:00] flutterwave/rave.NOTICE: Generated Reference Number....RV_61a637457884b [] []
[2021-11-30T15:37:57.493706+01:00] flutterwave/rave.NOTICE: Rave Class Initializes.... [] []
[2021-11-30T15:37:57.493769+01:00] flutterwave/rave.NOTICE: Generating Checksum.... [] []
[2021-11-30T15:38:35.358448+01:00] flutterwave/rave.NOTICE: Generating Reference Number.... [] []
[2021-11-30T15:38:35.361112+01:00] flutterwave/rave.NOTICE: Generated Reference Number....RV_61a6376b58284 [] []
[2021-11-30T15:38:35.361217+01:00] flutterwave/rave.NOTICE: Rave Class Initializes.... [] []
[2021-11-30T15:38:35.361320+01:00] flutterwave/rave.NOTICE: Payment completed. Now requerying payment. [] []
[2021-11-30T15:38:35.361419+01:00] flutterwave/rave.NOTICE: Requerying Transaction....2663483 [] []
[2021-11-30T15:38:38.713581+01:00] flutterwave/rave.NOTICE: Requeryed a successful transaction....{"id":2663483,"tx_ref":"RV_61a637457884b","flw_ref":"flwm3s4m0c1638283108808","device_fingerprint":"3b589a072a3c88a437a31b8ccd0ab83f","amount":5000,"currency":"RWF","charged_amount":5000,"app_fee":145,"merchant_fee":0,"processor_response":"Approved","auth_model":"MOBILEMONEY","ip":"41.186.78.24","narration":"online lawyer","status":"successful","payment_type":"mobilemoneyrw","created_at":"2021-11-30T14:38:28.000Z","account_id":1086458,"meta":{"__CheckoutInitAddress":"http:\/\/localhost\/onlinelawyer\/Flutterwave\/processPayment.php"},"amount_settled":4855,"customer":{"id":1455573,"name":"Alain Tresor ","phone_number":"0788930898","email":"busa@yahoo.com","created_at":"2021-11-30T13:54:20.000Z"}} [] []
[2021-11-30T15:43:16.256233+01:00] flutterwave/rave.NOTICE: Generating Reference Number.... [] []
[2021-11-30T15:43:16.257669+01:00] flutterwave/rave.NOTICE: Generated Reference Number....RV_61a638843ee78 [] []
[2021-11-30T15:43:16.257723+01:00] flutterwave/rave.NOTICE: Rave Class Initializes.... [] []
[2021-11-30T15:43:16.257769+01:00] flutterwave/rave.NOTICE: Generating Checksum.... [] []
[2021-11-30T15:43:59.080031+01:00] flutterwave/rave.NOTICE: Generating Reference Number.... [] []
[2021-11-30T15:43:59.083839+01:00] flutterwave/rave.NOTICE: Generated Reference Number....RV_61a638af14766 [] []
[2021-11-30T15:43:59.083958+01:00] flutterwave/rave.NOTICE: Rave Class Initializes.... [] []
[2021-11-30T15:43:59.084057+01:00] flutterwave/rave.NOTICE: Payment completed. Now requerying payment. [] []
[2021-11-30T15:43:59.084390+01:00] flutterwave/rave.NOTICE: Requerying Transaction....2663506 [] []
[2021-11-30T15:44:37.774813+01:00] flutterwave/rave.NOTICE: Generating Reference Number.... [] []
[2021-11-30T15:44:37.776877+01:00] flutterwave/rave.NOTICE: Generated Reference Number....RV_61a638d5bda96 [] []
[2021-11-30T15:44:37.776983+01:00] flutterwave/rave.NOTICE: Rave Class Initializes.... [] []
[2021-11-30T15:44:37.777094+01:00] flutterwave/rave.NOTICE: Generating Checksum.... [] []
[2021-11-30T15:45:30.698837+01:00] flutterwave/rave.NOTICE: Generating Reference Number.... [] []
[2021-11-30T15:45:30.703681+01:00] flutterwave/rave.NOTICE: Generated Reference Number....RV_61a6390aabca7 [] []
[2021-11-30T15:45:30.703791+01:00] flutterwave/rave.NOTICE: Rave Class Initializes.... [] []
[2021-11-30T15:45:30.703884+01:00] flutterwave/rave.NOTICE: Payment completed. Now requerying payment. [] []
[2021-11-30T15:45:30.703966+01:00] flutterwave/rave.NOTICE: Requerying Transaction....2663511 [] []
[2021-11-30T15:45:33.710251+01:00] flutterwave/rave.NOTICE: Requeryed a successful transaction....{"id":2663511,"tx_ref":"RV_61a638d5bda96","flw_ref":"flwm3s4m0c1638283525915","device_fingerprint":"3b589a072a3c88a437a31b8ccd0ab83f","amount":5000,"currency":"RWF","charged_amount":5000,"app_fee":145,"merchant_fee":0,"processor_response":"Approved","auth_model":"MOBILEMONEY","ip":"41.186.78.24","narration":"online lawyer","status":"successful","payment_type":"mobilemoneyrw","created_at":"2021-11-30T14:45:25.000Z","account_id":1086458,"meta":{"__CheckoutInitAddress":"http:\/\/localhost\/onlinelawyer\/Flutterwave\/processPayment.php"},"amount_settled":4855,"customer":{"id":1455573,"name":"Alain Tresor ","phone_number":"0788930898","email":"busa@yahoo.com","created_at":"2021-11-30T13:54:20.000Z"}} [] []
