[2021-12-03T14:33:23.102354+01:00] flutterwave/rave.NOTICE: Generating Reference Number.... [] []
[2021-12-03T14:33:23.134595+01:00] flutterwave/rave.NOTICE: Generated Reference Number....RV_61aa1ca320da7 [] []
[2021-12-03T14:33:23.134754+01:00] flutterwave/rave.NOTICE: Rave Class Initializes.... [] []
[2021-12-03T14:33:23.134884+01:00] flutterwave/rave.NOTICE: Generating Checksum.... [] []
[2021-12-03T14:34:48.949786+01:00] flutterwave/rave.NOTICE: Generating Reference Number.... [] []
[2021-12-03T14:34:48.957829+01:00] flutterwave/rave.NOTICE: Generated Reference Number....RV_61aa1cf8e9d69 [] []
[2021-12-03T14:34:48.958070+01:00] flutterwave/rave.NOTICE: Rave Class Initializes.... [] []
[2021-12-03T14:34:48.958516+01:00] flutterwave/rave.NOTICE: Payment completed. Now requerying payment. [] []
[2021-12-03T14:34:48.959375+01:00] flutterwave/rave.NOTICE: Requerying Transaction....2671518 [] []
[2021-12-03T14:34:54.797581+01:00] flutterwave/rave.NOTICE: Requeryed a successful transaction....{"id":2671518,"tx_ref":"RV_61aa1ca320da7","flw_ref":"flwm3s4m0c1638538483792","device_fingerprint":"7cb03c43428d48c2f736117dd8b4ae1e","amount":20000,"currency":"RWF","charged_amount":20000,"app_fee":580,"merchant_fee":0,"processor_response":"Approved","auth_model":"MOBILEMONEY","ip":"41.186.78.151","narration":"immaculee","status":"successful","payment_type":"mobilemoneyrw","created_at":"2021-12-03T13:34:43.000Z","account_id":1121774,"meta":{"__CheckoutInitAddress":"http:\/\/localhost\/onlinelawyer\/Flutterwave\/processPayment.php"},"amount_settled":19420,"customer":{"id":1458624,"name":"Alain Tresor ","phone_number":"0783043021","email":"onlinelawyers@gmail.com","created_at":"2021-12-03T13:34:43.000Z"}} [] []
[2021-12-03T14:37:09.426611+01:00] flutterwave/rave.NOTICE: Generating Reference Number.... [] []
[2021-12-03T14:37:09.428406+01:00] flutterwave/rave.NOTICE: Generated Reference Number....RV_61aa1d8568965 [] []
[2021-12-03T14:37:09.428538+01:00] flutterwave/rave.NOTICE: Rave Class Initializes.... [] []
[2021-12-03T14:37:09.428651+01:00] flutterwave/rave.NOTICE: Generating Checksum.... [] []
[2021-12-03T14:38:11.848961+01:00] flutterwave/rave.NOTICE: Generating Reference Number.... [] []
[2021-12-03T14:38:11.852934+01:00] flutterwave/rave.NOTICE: Generated Reference Number....RV_61aa1dc3d03b4 [] []
[2021-12-03T14:38:11.853015+01:00] flutterwave/rave.NOTICE: Rave Class Initializes.... [] []
[2021-12-03T14:38:11.853081+01:00] flutterwave/rave.NOTICE: Payment completed. Now requerying payment. [] []
[2021-12-03T14:38:11.853143+01:00] flutterwave/rave.NOTICE: Requerying Transaction....2671527 [] []
[2021-12-03T14:38:13.821636+01:00] flutterwave/rave.NOTICE: Requeryed a successful transaction....{"id":2671527,"tx_ref":"RV_61aa1d8568965","flw_ref":"flwm3s4m0c1638538686983","device_fingerprint":"7cb03c43428d48c2f736117dd8b4ae1e","amount":20000,"currency":"RWF","charged_amount":20000,"app_fee":580,"merchant_fee":0,"processor_response":"Approved","auth_model":"MOBILEMONEY","ip":"41.186.78.151","narration":"immaculee","status":"successful","payment_type":"mobilemoneyrw","created_at":"2021-12-03T13:38:05.000Z","account_id":1121774,"meta":{"__CheckoutInitAddress":"http:\/\/localhost\/onlinelawyer\/Flutterwave\/processPayment.php"},"amount_settled":19420,"customer":{"id":1458629,"name":"Alain Tresor ","phone_number":"0726085999","email":"onlinelawyers@gmail.com","created_at":"2021-12-03T13:38:04.000Z"}} [] []
[2021-12-03T14:42:59.773800+01:00] flutterwave/rave.NOTICE: Generating Reference Number.... [] []
[2021-12-03T14:42:59.777568+01:00] flutterwave/rave.NOTICE: Generated Reference Number....RV_61aa1ee3bdcf9 [] []
[2021-12-03T14:42:59.778584+01:00] flutterwave/rave.NOTICE: Rave Class Initializes.... [] []
[2021-12-03T14:42:59.778730+01:00] flutterwave/rave.NOTICE: Generating Checksum.... [] []
[2021-12-03T14:44:04.532253+01:00] flutterwave/rave.NOTICE: Generating Reference Number.... [] []
[2021-12-03T14:44:04.536490+01:00] flutterwave/rave.NOTICE: Generated Reference Number....RV_61aa1f2482f90 [] []
[2021-12-03T14:44:04.536633+01:00] flutterwave/rave.NOTICE: Rave Class Initializes.... [] []
[2021-12-03T14:44:04.536997+01:00] flutterwave/rave.NOTICE: Payment completed. Now requerying payment. [] []
[2021-12-03T14:44:04.537120+01:00] flutterwave/rave.NOTICE: Requerying Transaction....2671546 [] []
[2021-12-03T14:44:06.398600+01:00] flutterwave/rave.NOTICE: Requeryed a successful transaction....{"id":2671546,"tx_ref":"RV_61aa1ee3bdcf9","flw_ref":"flwm3s4m0c1638539037632","device_fingerprint":"7cb03c43428d48c2f736117dd8b4ae1e","amount":20000,"currency":"RWF","charged_amount":20000,"app_fee":580,"merchant_fee":0,"processor_response":"Approved","auth_model":"MOBILEMONEY","ip":"41.186.78.151","narration":"immaculee","status":"successful","payment_type":"mobilemoneyrw","created_at":"2021-12-03T13:43:57.000Z","account_id":1121774,"meta":{"__CheckoutInitAddress":"http:\/\/localhost\/onlinelawyer\/Flutterwave\/processPayment.php"},"amount_settled":19420,"customer":{"id":1458636,"name":"Alain Tresor ","phone_number":"0784366616","email":"onlinelawyers@gmail.com","created_at":"2021-12-03T13:43:57.000Z"}} [] []
[2021-12-03T14:49:19.380488+01:00] flutterwave/rave.NOTICE: Generating Reference Number.... [] []
[2021-12-03T14:49:19.382400+01:00] flutterwave/rave.NOTICE: Generated Reference Number....RV_61aa205f5d56e [] []
[2021-12-03T14:49:19.382576+01:00] flutterwave/rave.NOTICE: Rave Class Initializes.... [] []
[2021-12-03T14:49:19.382700+01:00] flutterwave/rave.NOTICE: Generating Checksum.... [] []
[2021-12-03T14:50:13.061015+01:00] flutterwave/rave.NOTICE: Generating Reference Number.... [] []
[2021-12-03T14:50:13.063758+01:00] flutterwave/rave.NOTICE: Generated Reference Number....RV_61aa20950f8f7 [] []
[2021-12-03T14:50:13.063899+01:00] flutterwave/rave.NOTICE: Rave Class Initializes.... [] []
[2021-12-03T14:50:13.064020+01:00] flutterwave/rave.NOTICE: Payment completed. Now requerying payment. [] []
[2021-12-03T14:50:13.064171+01:00] flutterwave/rave.NOTICE: Requerying Transaction....2671561 [] []
[2021-12-03T14:50:14.493479+01:00] flutterwave/rave.NOTICE: Requeryed a successful transaction....{"id":2671561,"tx_ref":"RV_61aa205f5d56e","flw_ref":"flwm3s4m0c1638539409090","device_fingerprint":"7cb03c43428d48c2f736117dd8b4ae1e","amount":20000,"currency":"RWF","charged_amount":20000,"app_fee":580,"merchant_fee":0,"processor_response":"Approved","auth_model":"MOBILEMONEY","ip":"41.186.78.151","narration":"immaculee","status":"successful","payment_type":"mobilemoneyrw","created_at":"2021-12-03T13:50:07.000Z","account_id":1121774,"meta":{"__CheckoutInitAddress":"http:\/\/localhost\/onlinelawyer\/Flutterwave\/processPayment.php"},"amount_settled":19420,"customer":{"id":1458645,"name":"Alain Tresor ","phone_number":"0780591269","email":"onlinelawyers@gmail.com","created_at":"2021-12-03T13:50:07.000Z"}} [] []
[2021-12-03T16:09:00.187544+01:00] flutterwave/rave.NOTICE: Generating Reference Number.... [] []
[2021-12-03T16:09:00.199411+01:00] flutterwave/rave.NOTICE: Generated Reference Number....RV_61aa330c30ae0 [] []
[2021-12-03T16:09:00.199494+01:00] flutterwave/rave.NOTICE: Rave Class Initializes.... [] []
[2021-12-03T16:09:00.199554+01:00] flutterwave/rave.NOTICE: Generating Checksum.... [] []
