[2021-12-08T06:04:55.412001+01:00] flutterwave/rave.NOTICE: Generating Reference Number.... [] []
[2021-12-08T06:04:55.414224+01:00] flutterwave/rave.NOTICE: Generated Reference Number....RV_61b03cf7651f3 [] []
[2021-12-08T06:04:55.414372+01:00] flutterwave/rave.NOTICE: Rave Class Initializes.... [] []
[2021-12-08T06:04:55.414515+01:00] flutterwave/rave.NOTICE: Generating Checksum.... [] []
[2021-12-08T06:08:15.170153+01:00] flutterwave/rave.NOTICE: Generating Reference Number.... [] []
[2021-12-08T06:08:15.171767+01:00] flutterwave/rave.NOTICE: Generated Reference Number....RV_61b03dbf29eea [] []
[2021-12-08T06:08:15.171867+01:00] flutterwave/rave.NOTICE: Rave Class Initializes.... [] []
[2021-12-08T06:08:15.171967+01:00] flutterwave/rave.NOTICE: Generating Checksum.... [] []
[2021-12-08T06:10:35.500187+01:00] flutterwave/rave.NOTICE: Generating Reference Number.... [] []
[2021-12-08T06:10:35.501784+01:00] flutterwave/rave.NOTICE: Generated Reference Number....RV_61b03e4b7a80b [] []
[2021-12-08T06:10:35.501840+01:00] flutterwave/rave.NOTICE: Rave Class Initializes.... [] []
[2021-12-08T06:10:35.501889+01:00] flutterwave/rave.NOTICE: Generating Checksum.... [] []
[2021-12-08T06:12:37.356950+01:00] flutterwave/rave.NOTICE: Generating Reference Number.... [] []
[2021-12-08T06:12:37.358636+01:00] flutterwave/rave.NOTICE: Generated Reference Number....RV_61b03ec5578e0 [] []
[2021-12-08T06:12:37.358696+01:00] flutterwave/rave.NOTICE: Rave Class Initializes.... [] []
[2021-12-08T06:12:37.358759+01:00] flutterwave/rave.NOTICE: Generating Checksum.... [] []
[2021-12-08T06:14:49.023669+01:00] flutterwave/rave.NOTICE: Generating Reference Number.... [] []
[2021-12-08T06:14:49.025316+01:00] flutterwave/rave.NOTICE: Generated Reference Number....RV_61b03f49062d6 [] []
[2021-12-08T06:14:49.025375+01:00] flutterwave/rave.NOTICE: Rave Class Initializes.... [] []
[2021-12-08T06:14:49.025438+01:00] flutterwave/rave.NOTICE: Generating Checksum.... [] []
[2021-12-08T06:16:49.134493+01:00] flutterwave/rave.NOTICE: Generating Reference Number.... [] []
[2021-12-08T06:16:49.136099+01:00] flutterwave/rave.NOTICE: Generated Reference Number....MY_NAME_5a22a7f270abc8879 [] []
[2021-12-08T06:16:49.136159+01:00] flutterwave/rave.NOTICE: Rave Class Initializes.... [] []
[2021-12-08T06:16:49.136217+01:00] flutterwave/rave.NOTICE: Generating Checksum.... [] []
[2021-12-08T06:18:39.686082+01:00] flutterwave/rave.NOTICE: Generating Reference Number.... [] []
[2021-12-08T06:18:39.687392+01:00] flutterwave/rave.NOTICE: Generated Reference Number....MY_NAME_5a22a7f270abc8879 [] []
[2021-12-08T06:18:39.687446+01:00] flutterwave/rave.NOTICE: Rave Class Initializes.... [] []
[2021-12-08T06:18:39.687495+01:00] flutterwave/rave.NOTICE: Generating Checksum.... [] []
[2021-12-08T06:21:47.085120+01:00] flutterwave/rave.NOTICE: Generating Reference Number.... [] []
[2021-12-08T06:21:47.086603+01:00] flutterwave/rave.NOTICE: Generated Reference Number....MY_NAME_5a22a7f270abc8879 [] []
[2021-12-08T06:21:47.086660+01:00] flutterwave/rave.NOTICE: Rave Class Initializes.... [] []
[2021-12-08T06:21:47.086714+01:00] flutterwave/rave.NOTICE: Generating Checksum.... [] []
[2021-12-08T06:22:49.169314+01:00] flutterwave/rave.NOTICE: Generating Reference Number.... [] []
[2021-12-08T06:22:49.171481+01:00] flutterwave/rave.NOTICE: Generated Reference Number....MY_NAME_5a22a7f270abc8879 [] []
[2021-12-08T06:22:49.171549+01:00] flutterwave/rave.NOTICE: Rave Class Initializes.... [] []
[2021-12-08T06:22:49.171607+01:00] flutterwave/rave.NOTICE: Generating Checksum.... [] []
[2021-12-08T06:28:14.632020+01:00] flutterwave/rave.NOTICE: Generating Reference Number.... [] []
[2021-12-08T06:28:14.633615+01:00] flutterwave/rave.NOTICE: Generated Reference Number....MY_NAME_5a22a7f270abc8879 [] []
[2021-12-08T06:28:14.633677+01:00] flutterwave/rave.NOTICE: Rave Class Initializes.... [] []
[2021-12-08T06:28:14.633767+01:00] flutterwave/rave.NOTICE: Generating Checksum.... [] []
[2021-12-08T06:29:20.763318+01:00] flutterwave/rave.NOTICE: Generating Reference Number.... [] []
[2021-12-08T06:29:20.764900+01:00] flutterwave/rave.NOTICE: Generated Reference Number....MY_NAME_5a22a7f270abc8879 [] []
[2021-12-08T06:29:20.765015+01:00] flutterwave/rave.NOTICE: Rave Class Initializes.... [] []
[2021-12-08T06:29:20.765074+01:00] flutterwave/rave.NOTICE: Generating Checksum.... [] []
[2021-12-08T06:30:07.126773+01:00] flutterwave/rave.NOTICE: Generating Reference Number.... [] []
[2021-12-08T06:30:07.128210+01:00] flutterwave/rave.NOTICE: Generated Reference Number....MY_NAME_5a22a7f270abc8879 [] []
[2021-12-08T06:30:07.128319+01:00] flutterwave/rave.NOTICE: Rave Class Initializes.... [] []
[2021-12-08T06:30:07.129078+01:00] flutterwave/rave.NOTICE: Generating Checksum.... [] []
[2021-12-08T06:33:21.376637+01:00] flutterwave/rave.NOTICE: Generating Reference Number.... [] []
[2021-12-08T06:33:21.378406+01:00] flutterwave/rave.NOTICE: Generated Reference Number....RV_61b043a15c615 [] []
[2021-12-08T06:33:21.378499+01:00] flutterwave/rave.NOTICE: Rave Class Initializes.... [] []
[2021-12-08T06:33:21.378614+01:00] flutterwave/rave.NOTICE: Generating Checksum.... [] []
[2021-12-08T06:34:09.581450+01:00] flutterwave/rave.NOTICE: Generating Reference Number.... [] []
[2021-12-08T06:34:09.584368+01:00] flutterwave/rave.NOTICE: Generated Reference Number....RV_61b043d18eaa2 [] []
[2021-12-08T06:34:09.584429+01:00] flutterwave/rave.NOTICE: Rave Class Initializes.... [] []
[2021-12-08T06:34:09.584481+01:00] flutterwave/rave.NOTICE: Generating Checksum.... [] []
[2021-12-08T06:34:45.155257+01:00] flutterwave/rave.NOTICE: Generating Reference Number.... [] []
[2021-12-08T06:34:45.156559+01:00] flutterwave/rave.NOTICE: Generated Reference Number....RV_61b043f526384 [] []
[2021-12-08T06:34:45.156609+01:00] flutterwave/rave.NOTICE: Rave Class Initializes.... [] []
[2021-12-08T06:34:45.156655+01:00] flutterwave/rave.NOTICE: Generating Checksum.... [] []
[2021-12-08T06:35:12.329340+01:00] flutterwave/rave.NOTICE: Generating Reference Number.... [] []
[2021-12-08T06:35:12.331139+01:00] flutterwave/rave.NOTICE: Generated Reference Number....RV_61b0441050d76 [] []
[2021-12-08T06:35:12.331191+01:00] flutterwave/rave.NOTICE: Rave Class Initializes.... [] []
[2021-12-08T06:35:12.331238+01:00] flutterwave/rave.NOTICE: Generating Checksum.... [] []
[2021-12-08T06:35:16.624741+01:00] flutterwave/rave.NOTICE: Generating Reference Number.... [] []
[2021-12-08T06:35:16.627416+01:00] flutterwave/rave.NOTICE: Generated Reference Number....RV_61b04414992c9 [] []
[2021-12-08T06:35:16.627478+01:00] flutterwave/rave.NOTICE: Rave Class Initializes.... [] []
[2021-12-08T06:35:16.627533+01:00] flutterwave/rave.NOTICE: Generating Checksum.... [] []
[2021-12-08T06:36:01.773276+01:00] flutterwave/rave.NOTICE: Generating Reference Number.... [] []
[2021-12-08T06:36:01.774845+01:00] flutterwave/rave.NOTICE: Generated Reference Number....RV_61b04441bd2b0 [] []
[2021-12-08T06:36:01.774904+01:00] flutterwave/rave.NOTICE: Rave Class Initializes.... [] []
[2021-12-08T06:36:01.774956+01:00] flutterwave/rave.NOTICE: Generating Checksum.... [] []
[2021-12-08T06:36:29.837015+01:00] flutterwave/rave.NOTICE: Generating Reference Number.... [] []
[2021-12-08T06:36:29.839162+01:00] flutterwave/rave.NOTICE: Generated Reference Number....RV_61b0445dccdea [] []
[2021-12-08T06:36:29.839241+01:00] flutterwave/rave.NOTICE: Rave Class Initializes.... [] []
[2021-12-08T06:36:29.839308+01:00] flutterwave/rave.NOTICE: Generating Checksum.... [] []
[2021-12-08T06:37:34.190406+01:00] flutterwave/rave.NOTICE: Generating Reference Number.... [] []
[2021-12-08T06:37:34.193083+01:00] flutterwave/rave.NOTICE: Generated Reference Number....RV_61b0449e2f22d [] []
[2021-12-08T06:37:34.193146+01:00] flutterwave/rave.NOTICE: Rave Class Initializes.... [] []
[2021-12-08T06:37:34.193199+01:00] flutterwave/rave.NOTICE: Generating Checksum.... [] []
[2021-12-08T06:38:00.726160+01:00] flutterwave/rave.NOTICE: Generating Reference Number.... [] []
[2021-12-08T06:38:00.727738+01:00] flutterwave/rave.NOTICE: Generated Reference Number....RV_61b044b8b1aae [] []
[2021-12-08T06:38:00.727794+01:00] flutterwave/rave.NOTICE: Rave Class Initializes.... [] []
[2021-12-08T06:38:00.727888+01:00] flutterwave/rave.NOTICE: Generating Checksum.... [] []
[2021-12-08T06:38:34.877465+01:00] flutterwave/rave.NOTICE: Generating Reference Number.... [] []
[2021-12-08T06:38:34.879078+01:00] flutterwave/rave.NOTICE: Generated Reference Number....RV_61b044dad69d9 [] []
[2021-12-08T06:38:34.879136+01:00] flutterwave/rave.NOTICE: Rave Class Initializes.... [] []
[2021-12-08T06:38:34.879182+01:00] flutterwave/rave.NOTICE: Payment completed. Now requerying payment. [] []
[2021-12-08T06:38:34.879221+01:00] flutterwave/rave.NOTICE: Requerying Transaction....2681623 [] []
[2021-12-08T06:38:36.670814+01:00] flutterwave/rave.NOTICE: Requeryed a successful transaction....{"id":2681623,"tx_ref":"RV_61b044b8b1aae","flw_ref":"flwm3s4m0c1638941910285","device_fingerprint":"3b589a072a3c88a437a31b8ccd0ab83f","amount":15000,"currency":"RWF","charged_amount":15000,"app_fee":435,"merchant_fee":0,"processor_response":"Approved","auth_model":"MOBILEMONEY","ip":"41.186.78.152","narration":"Online Lawyer Services","status":"successful","payment_type":"mobilemoneyrw","created_at":"2021-12-08T05:38:29.000Z","account_id":1131754,"meta":{"__CheckoutInitAddress":"http:\/\/localhost\/onlinelawyer\/Flutterwave\/processPayment.php"},"amount_settled":14565,"customer":{"id":1461719,"name":"kubwina marc ","phone_number":"0788930898","email":"kubwimana@gmail.com","created_at":"2021-12-08T05:38:29.000Z"}} [] []
[2021-12-08T07:07:16.933163+01:00] flutterwave/rave.NOTICE: Generating Reference Number.... [] []
[2021-12-08T07:07:16.935308+01:00] flutterwave/rave.NOTICE: Generated Reference Number....RV_61b04b94e4571 [] []
[2021-12-08T07:07:16.935639+01:00] flutterwave/rave.NOTICE: Rave Class Initializes.... [] []
[2021-12-08T07:07:16.935791+01:00] flutterwave/rave.NOTICE: Generating Checksum.... [] []
[2021-12-08T07:29:26.293112+01:00] flutterwave/rave.NOTICE: Generating Reference Number.... [] []
[2021-12-08T07:29:26.295228+01:00] flutterwave/rave.NOTICE: Generated Reference Number....RV_61b050c648129 [] []
[2021-12-08T07:29:26.295330+01:00] flutterwave/rave.NOTICE: Rave Class Initializes.... [] []
[2021-12-08T07:29:26.295442+01:00] flutterwave/rave.NOTICE: Generating Checksum.... [] []
[2021-12-08T07:30:15.048359+01:00] flutterwave/rave.NOTICE: Generating Reference Number.... [] []
[2021-12-08T07:30:15.049828+01:00] flutterwave/rave.NOTICE: Generated Reference Number....RV_61b050f70c298 [] []
[2021-12-08T07:30:15.049882+01:00] flutterwave/rave.NOTICE: Rave Class Initializes.... [] []
[2021-12-08T07:30:15.049930+01:00] flutterwave/rave.NOTICE: Generating Checksum.... [] []
[2021-12-08T07:30:31.496214+01:00] flutterwave/rave.NOTICE: Generating Reference Number.... [] []
[2021-12-08T07:30:31.499441+01:00] flutterwave/rave.NOTICE: Generated Reference Number....RV_61b0510779edf [] []
[2021-12-08T07:30:31.499527+01:00] flutterwave/rave.NOTICE: Rave Class Initializes.... [] []
[2021-12-08T07:30:31.499613+01:00] flutterwave/rave.NOTICE: Generating Checksum.... [] []
[2021-12-08T07:49:25.965943+01:00] flutterwave/rave.NOTICE: Generating Reference Number.... [] []
[2021-12-08T07:49:25.967393+01:00] flutterwave/rave.NOTICE: Generated Reference Number....RV_61b05575ec2d6 [] []
[2021-12-08T07:49:25.967447+01:00] flutterwave/rave.NOTICE: Rave Class Initializes.... [] []
[2021-12-08T07:49:25.967497+01:00] flutterwave/rave.NOTICE: Generating Checksum.... [] []
[2021-12-08T07:50:11.009888+01:00] flutterwave/rave.NOTICE: Generating Reference Number.... [] []
[2021-12-08T07:50:11.011210+01:00] flutterwave/rave.NOTICE: Generated Reference Number....RV_61b055a302bba [] []
[2021-12-08T07:50:11.011301+01:00] flutterwave/rave.NOTICE: Rave Class Initializes.... [] []
[2021-12-08T07:50:11.011412+01:00] flutterwave/rave.NOTICE: Generating Checksum.... [] []
[2021-12-08T07:51:20.313577+01:00] flutterwave/rave.NOTICE: Generating Reference Number.... [] []
[2021-12-08T07:51:20.314942+01:00] flutterwave/rave.NOTICE: Generated Reference Number....RV_61b055e84ce31 [] []
[2021-12-08T07:51:20.314995+01:00] flutterwave/rave.NOTICE: Rave Class Initializes.... [] []
[2021-12-08T07:51:20.315080+01:00] flutterwave/rave.NOTICE: Payment completed. Now requerying payment. [] []
[2021-12-08T07:51:20.315123+01:00] flutterwave/rave.NOTICE: Requerying Transaction....2681770 [] []
[2021-12-08T07:51:34.161962+01:00] flutterwave/rave.NOTICE: Requeryed a successful transaction....{"id":2681770,"tx_ref":"RV_61b055a302bba","flw_ref":"flwm3s4m0c1638946273592","device_fingerprint":"6fc192f449e879f617b573e6a73d121b","amount":10000,"currency":"RWF","charged_amount":10000,"app_fee":290,"merchant_fee":0,"processor_response":"Approved","auth_model":"MOBILEMONEY","ip":"197.157.145.199","narration":"Online Lawyer Services","status":"successful","payment_type":"mobilemoneyrw","created_at":"2021-12-08T06:51:13.000Z","account_id":1131754,"meta":{"__CheckoutInitAddress":"http:\/\/192.168.43.165\/onlinelawyer\/Flutterwave\/processPayment.php"},"amount_settled":9710,"customer":{"id":1461739,"name":"ndimbati jean ","phone_number":"0784628745","email":"tresoralain35@gmail.com","created_at":"2021-12-08T06:51:13.000Z"}} [] []
[2021-12-08T09:40:04.307771+01:00] flutterwave/rave.NOTICE: Generating Reference Number.... [] []
[2021-12-08T09:40:04.332351+01:00] flutterwave/rave.NOTICE: Generated Reference Number....RV_61b06f6451228 [] []
[2021-12-08T09:40:04.332437+01:00] flutterwave/rave.NOTICE: Rave Class Initializes.... [] []
[2021-12-08T09:40:04.332494+01:00] flutterwave/rave.NOTICE: Generating Checksum.... [] []
[2021-12-08T20:19:37.179624+01:00] flutterwave/rave.NOTICE: Generating Reference Number.... [] []
[2021-12-08T20:19:37.203968+01:00] flutterwave/rave.NOTICE: Generated Reference Number....RV_61b1054931cab [] []
[2021-12-08T20:19:37.204053+01:00] flutterwave/rave.NOTICE: Rave Class Initializes.... [] []
[2021-12-08T20:19:37.204107+01:00] flutterwave/rave.NOTICE: Generating Checksum.... [] []
