[2021-12-05T15:53:11.142559+01:00] flutterwave/rave.NOTICE: Generating Reference Number.... [] []
[2021-12-05T15:53:11.151500+01:00] flutterwave/rave.NOTICE: Generated Reference Number....RV_61acd25724fb6 [] []
[2021-12-05T15:53:11.151592+01:00] flutterwave/rave.NOTICE: Rave Class Initializes.... [] []
[2021-12-05T15:53:11.151664+01:00] flutterwave/rave.NOTICE: Generating Checksum.... [] []
[2021-12-05T16:39:21.323869+01:00] flutterwave/rave.NOTICE: Generating Reference Number.... [] []
[2021-12-05T16:39:21.325328+01:00] flutterwave/rave.NOTICE: Generated Reference Number....RV_61acdd294f6c3 [] []
[2021-12-05T16:39:21.325403+01:00] flutterwave/rave.NOTICE: Rave Class Initializes.... [] []
[2021-12-05T16:39:21.325467+01:00] flutterwave/rave.NOTICE: Generating Checksum.... [] []
[2021-12-05T16:42:38.838202+01:00] flutterwave/rave.NOTICE: Generating Reference Number.... [] []
[2021-12-05T16:42:38.839730+01:00] flutterwave/rave.NOTICE: Generated Reference Number....RV_61acddeecd026 [] []
[2021-12-05T16:42:38.839789+01:00] flutterwave/rave.NOTICE: Rave Class Initializes.... [] []
[2021-12-05T16:42:38.839846+01:00] flutterwave/rave.NOTICE: Generating Checksum.... [] []
[2021-12-05T16:43:57.795831+01:00] flutterwave/rave.NOTICE: Generating Reference Number.... [] []
[2021-12-05T16:43:57.797142+01:00] flutterwave/rave.NOTICE: Generated Reference Number....RV_61acde3dc29c9 [] []
[2021-12-05T16:43:57.797198+01:00] flutterwave/rave.NOTICE: Rave Class Initializes.... [] []
[2021-12-05T16:43:57.797245+01:00] flutterwave/rave.NOTICE: Generating Checksum.... [] []
[2021-12-05T16:45:03.758384+01:00] flutterwave/rave.NOTICE: Generating Reference Number.... [] []
[2021-12-05T16:45:03.761014+01:00] flutterwave/rave.NOTICE: Generated Reference Number....RV_61acde7fb9ca2 [] []
[2021-12-05T16:45:03.761080+01:00] flutterwave/rave.NOTICE: Rave Class Initializes.... [] []
[2021-12-05T16:45:03.761127+01:00] flutterwave/rave.NOTICE: Generating Checksum.... [] []
[2021-12-05T16:46:44.758638+01:00] flutterwave/rave.NOTICE: Generating Reference Number.... [] []
[2021-12-05T16:46:44.759983+01:00] flutterwave/rave.NOTICE: Generated Reference Number....RV_61acdee4b989d [] []
[2021-12-05T16:46:44.760075+01:00] flutterwave/rave.NOTICE: Rave Class Initializes.... [] []
[2021-12-05T16:46:44.760156+01:00] flutterwave/rave.NOTICE: Generating Checksum.... [] []
[2021-12-05T16:48:18.200635+01:00] flutterwave/rave.NOTICE: Generating Reference Number.... [] []
[2021-12-05T16:48:18.203061+01:00] flutterwave/rave.NOTICE: Generated Reference Number....RV_61acdf4231923 [] []
[2021-12-05T16:48:18.203151+01:00] flutterwave/rave.NOTICE: Rave Class Initializes.... [] []
[2021-12-05T16:48:18.203274+01:00] flutterwave/rave.NOTICE: Generating Checksum.... [] []
[2021-12-05T16:53:09.025525+01:00] flutterwave/rave.NOTICE: Generating Reference Number.... [] []
[2021-12-05T16:53:09.027211+01:00] flutterwave/rave.NOTICE: Generated Reference Number....RV_61ace06506a39 [] []
[2021-12-05T16:53:09.027296+01:00] flutterwave/rave.NOTICE: Rave Class Initializes.... [] []
[2021-12-05T16:53:09.027382+01:00] flutterwave/rave.NOTICE: Generating Checksum.... [] []
[2021-12-05T16:53:37.417158+01:00] flutterwave/rave.NOTICE: Generating Reference Number.... [] []
[2021-12-05T16:53:37.418541+01:00] flutterwave/rave.NOTICE: Generated Reference Number....RV_61ace081662dd [] []
[2021-12-05T16:53:37.418619+01:00] flutterwave/rave.NOTICE: Rave Class Initializes.... [] []
[2021-12-05T16:53:37.418725+01:00] flutterwave/rave.NOTICE: Generating Checksum.... [] []
[2021-12-05T16:55:31.955130+01:00] flutterwave/rave.NOTICE: Generating Reference Number.... [] []
[2021-12-05T16:55:31.959645+01:00] flutterwave/rave.NOTICE: Generated Reference Number....RV_61ace0f3ea45e [] []
[2021-12-05T16:55:31.959947+01:00] flutterwave/rave.NOTICE: Rave Class Initializes.... [] []
[2021-12-05T16:55:31.960131+01:00] flutterwave/rave.NOTICE: Payment completed. Now requerying payment. [] []
[2021-12-05T16:55:31.960354+01:00] flutterwave/rave.NOTICE: Requerying Transaction....2675475 [] []
[2021-12-05T16:56:40.529869+01:00] flutterwave/rave.NOTICE: Generating Reference Number.... [] []
[2021-12-05T16:56:40.532456+01:00] flutterwave/rave.NOTICE: Generated Reference Number....RV_61ace13881fd2 [] []
[2021-12-05T16:56:40.532551+01:00] flutterwave/rave.NOTICE: Rave Class Initializes.... [] []
[2021-12-05T16:56:40.532639+01:00] flutterwave/rave.NOTICE: Generating Checksum.... [] []
[2021-12-05T16:58:09.050146+01:00] flutterwave/rave.NOTICE: Generating Reference Number.... [] []
[2021-12-05T16:58:09.053957+01:00] flutterwave/rave.NOTICE: Generated Reference Number....RV_61ace1910d2a8 [] []
[2021-12-05T16:58:09.054111+01:00] flutterwave/rave.NOTICE: Rave Class Initializes.... [] []
[2021-12-05T16:58:09.054210+01:00] flutterwave/rave.NOTICE: Payment completed. Now requerying payment. [] []
[2021-12-05T16:58:09.054372+01:00] flutterwave/rave.NOTICE: Requerying Transaction....2675479 [] []
[2021-12-05T17:18:33.556040+01:00] flutterwave/rave.NOTICE: Generating Reference Number.... [] []
[2021-12-05T17:18:33.739447+01:00] flutterwave/rave.NOTICE: Generated Reference Number....RV_61ace659b4861 [] []
[2021-12-05T17:18:33.739530+01:00] flutterwave/rave.NOTICE: Rave Class Initializes.... [] []
[2021-12-05T17:18:33.739584+01:00] flutterwave/rave.NOTICE: Generating Checksum.... [] []
[2021-12-05T17:21:16.901620+01:00] flutterwave/rave.NOTICE: Generating Reference Number.... [] []
[2021-12-05T17:21:17.029482+01:00] flutterwave/rave.NOTICE: Generated Reference Number....RV_61ace6fd07314 [] []
[2021-12-05T17:21:17.029564+01:00] flutterwave/rave.NOTICE: Rave Class Initializes.... [] []
[2021-12-05T17:21:17.029609+01:00] flutterwave/rave.NOTICE: Payment completed. Now requerying payment. [] []
[2021-12-05T17:21:17.029648+01:00] flutterwave/rave.NOTICE: Requerying Transaction....2675522 [] []
[2021-12-05T17:21:21.955264+01:00] flutterwave/rave.NOTICE: Requeryed a successful transaction....{"id":2675522,"tx_ref":"RV_61ace659b4861","flw_ref":"flwm3s4m0c1638721267009","device_fingerprint":"6fc192f449e879f617b573e6a73d121b","amount":1000,"currency":"RWF","charged_amount":1000,"app_fee":29,"merchant_fee":0,"processor_response":"Approved","auth_model":"MOBILEMONEY","ip":"41.138.87.78","narration":"Online Lawyer Services","status":"successful","payment_type":"mobilemoneyrw","created_at":"2021-12-05T16:21:06.000Z","account_id":1131754,"meta":{"__CheckoutInitAddress":"http:\/\/192.168.43.108\/onlinelawyer\/Flutterwave\/processPayment.php"},"amount_settled":971,"customer":{"id":1459622,"name":"tresor alain ","phone_number":"0780591269","email":"tresoralain35@gmail.com","created_at":"2021-12-05T15:55:20.000Z"}} [] []
[2021-12-05T17:28:44.739603+01:00] flutterwave/rave.NOTICE: Generating Reference Number.... [] []
[2021-12-05T17:28:44.754729+01:00] flutterwave/rave.NOTICE: Generated Reference Number....RV_61ace8bcb840e [] []
[2021-12-05T17:28:44.754841+01:00] flutterwave/rave.NOTICE: Rave Class Initializes.... [] []
[2021-12-05T17:28:44.754913+01:00] flutterwave/rave.NOTICE: Payment completed. Now requerying payment. [] []
[2021-12-05T17:28:44.754975+01:00] flutterwave/rave.NOTICE: Requerying Transaction....2675479 [] []
[2021-12-05T17:28:47.162489+01:00] flutterwave/rave.NOTICE: Requeryed a successful transaction....{"id":2675479,"tx_ref":"RV_61ace13881fd2","flw_ref":"flwm3s4m0c1638719879456","device_fingerprint":"3b589a072a3c88a437a31b8ccd0ab83f","amount":1000,"currency":"RWF","charged_amount":1000,"app_fee":29,"merchant_fee":0,"processor_response":"Approved","auth_model":"MOBILEMONEY","ip":"64.15.69.242","narration":"Online Lawyer Services","status":"successful","payment_type":"mobilemoneyrw","created_at":"2021-12-05T15:57:59.000Z","account_id":1131754,"meta":{"__CheckoutInitAddress":"http:\/\/localhost\/onlinelawyer\/Flutterwave\/processPayment.php"},"amount_settled":971,"customer":{"id":1459625,"name":"tresor alain ","phone_number":"0788930898","email":"tresoralain35@gmail.com","created_at":"2021-12-05T15:57:59.000Z"}} [] []
[2021-12-05T17:49:39.181112+01:00] flutterwave/rave.NOTICE: Generating Reference Number.... [] []
[2021-12-05T17:49:39.196496+01:00] flutterwave/rave.NOTICE: Generated Reference Number....RV_61aceda32ff75 [] []
[2021-12-05T17:49:39.196679+01:00] flutterwave/rave.NOTICE: Rave Class Initializes.... [] []
[2021-12-05T17:49:39.196762+01:00] flutterwave/rave.NOTICE: Generating Checksum.... [] []
[2021-12-05T17:54:00.100743+01:00] flutterwave/rave.NOTICE: Generating Reference Number.... [] []
[2021-12-05T17:54:00.103752+01:00] flutterwave/rave.NOTICE: Generated Reference Number....RV_61aceea819525 [] []
[2021-12-05T17:54:00.103932+01:00] flutterwave/rave.NOTICE: Rave Class Initializes.... [] []
[2021-12-05T17:54:00.104144+01:00] flutterwave/rave.NOTICE: Generating Checksum.... [] []
