[2021-12-11T13:38:46.609943+01:00] flutterwave/rave.NOTICE: Generating Reference Number.... [] []
[2021-12-11T13:38:46.741858+01:00] flutterwave/rave.NOTICE: Generated Reference Number....RV_61b49bd6b51cc [] []
[2021-12-11T13:38:46.741951+01:00] flutterwave/rave.NOTICE: Rave Class Initializes.... [] []
[2021-12-11T13:38:46.742023+01:00] flutterwave/rave.NOTICE: Generating Checksum.... [] []
[2021-12-11T14:54:38.022800+01:00] flutterwave/rave.NOTICE: Generating Reference Number.... [] []
[2021-12-11T14:54:38.025161+01:00] flutterwave/rave.NOTICE: Generated Reference Number....RV_61b4ad9e0623a [] []
[2021-12-11T14:54:38.025236+01:00] flutterwave/rave.NOTICE: Rave Class Initializes.... [] []
[2021-12-11T14:54:38.025305+01:00] flutterwave/rave.NOTICE: Generating Checksum.... [] []
[2021-12-11T14:56:23.144522+01:00] flutterwave/rave.NOTICE: Generating Reference Number.... [] []
[2021-12-11T14:56:23.147126+01:00] flutterwave/rave.NOTICE: Generated Reference Number....RV_61b4ae0723ea2 [] []
[2021-12-11T14:56:23.147226+01:00] flutterwave/rave.NOTICE: Rave Class Initializes.... [] []
[2021-12-11T14:56:23.147312+01:00] flutterwave/rave.NOTICE: Payment completed. Now requerying payment. [] []
[2021-12-11T14:56:23.147398+01:00] flutterwave/rave.NOTICE: Requerying Transaction....2691354 [] []
[2021-12-11T14:56:38.689198+01:00] flutterwave/rave.NOTICE: Requeryed a successful transaction....{"id":2691354,"tx_ref":"RV_61b4ad9e0623a","flw_ref":"flwm3s4m0c1639230972933","device_fingerprint":"3b589a072a3c88a437a31b8ccd0ab83f","amount":10000,"currency":"RWF","charged_amount":10000,"app_fee":290,"merchant_fee":0,"processor_response":"Approved","auth_model":"MOBILEMONEY","ip":"41.186.78.45","narration":"Online Lawyer Services","status":"successful","payment_type":"mobilemoneyrw","created_at":"2021-12-11T13:56:12.000Z","account_id":1131754,"meta":{"__CheckoutInitAddress":"http:\/\/localhost\/onlinelawyer\/Flutterwave\/processPayment.php"},"amount_settled":9710,"customer":{"id":1465508,"name":"kubwina marc ","phone_number":"+250780640237","email":"tresoralain35@gmail.com","created_at":"2021-12-11T13:56:12.000Z"}} [] []
[2021-12-11T15:07:07.540637+01:00] flutterwave/rave.NOTICE: Generating Reference Number.... [] []
[2021-12-11T15:07:07.543910+01:00] flutterwave/rave.NOTICE: Generated Reference Number....RV_61b4b08b84c94 [] []
[2021-12-11T15:07:07.544023+01:00] flutterwave/rave.NOTICE: Rave Class Initializes.... [] []
[2021-12-11T15:07:07.544147+01:00] flutterwave/rave.NOTICE: Generating Checksum.... [] []
[2021-12-11T15:09:24.155953+01:00] flutterwave/rave.NOTICE: Generating Reference Number.... [] []
[2021-12-11T15:09:24.162618+01:00] flutterwave/rave.NOTICE: Generated Reference Number....RV_61b4b11427b13 [] []
[2021-12-11T15:09:24.162773+01:00] flutterwave/rave.NOTICE: Rave Class Initializes.... [] []
[2021-12-11T15:09:24.162886+01:00] flutterwave/rave.NOTICE: Payment completed. Now requerying payment. [] []
[2021-12-11T15:09:24.162981+01:00] flutterwave/rave.NOTICE: Requerying Transaction....2691377 [] []
[2021-12-11T15:09:27.783003+01:00] flutterwave/rave.NOTICE: Requeryed a successful transaction....{"id":2691377,"tx_ref":"RV_61b4b08b84c94","flw_ref":"flwm3s4m0c1639231757083","device_fingerprint":"3b589a072a3c88a437a31b8ccd0ab83f","amount":10000,"currency":"RWF","charged_amount":10000,"app_fee":290,"merchant_fee":0,"processor_response":"Approved","auth_model":"MOBILEMONEY","ip":"41.186.78.45","narration":"Online Lawyer Services","status":"successful","payment_type":"mobilemoneyrw","created_at":"2021-12-11T14:09:16.000Z","account_id":1131754,"meta":{"__CheckoutInitAddress":"http:\/\/localhost\/onlinelawyer\/Flutterwave\/processPayment.php"},"amount_settled":9710,"customer":{"id":1465508,"name":"kubwina marc ","phone_number":"+250780640237","email":"tresoralain35@gmail.com","created_at":"2021-12-11T13:56:12.000Z"}} [] []
[2021-12-11T16:34:05.993774+01:00] flutterwave/rave.NOTICE: Generating Reference Number.... [] []
[2021-12-11T16:34:05.995444+01:00] flutterwave/rave.NOTICE: Generated Reference Number....RV_61b4c4edf3067 [] []
[2021-12-11T16:34:05.995502+01:00] flutterwave/rave.NOTICE: Rave Class Initializes.... [] []
[2021-12-11T16:34:05.995613+01:00] flutterwave/rave.NOTICE: Generating Checksum.... [] []
[2021-12-11T16:41:41.904270+01:00] flutterwave/rave.NOTICE: Generating Reference Number.... [] []
[2021-12-11T16:41:41.905825+01:00] flutterwave/rave.NOTICE: Generated Reference Number....RV_61b4c6b5dd255 [] []
[2021-12-11T16:41:41.905885+01:00] flutterwave/rave.NOTICE: Rave Class Initializes.... [] []
[2021-12-11T16:41:41.905938+01:00] flutterwave/rave.NOTICE: Generating Checksum.... [] []
