[2021-11-28T13:41:06.098877+01:00] flutterwave/rave.NOTICE: Generating Reference Number.... [] []
[2021-11-28T13:41:06.119454+01:00] flutterwave/rave.NOTICE: Generated Reference Number....MY_NAME_5a22a7f270abc8879 [] []
[2021-11-28T13:41:06.119653+01:00] flutterwave/rave.NOTICE: Rave Class Initializes.... [] []
[2021-11-28T13:41:06.119868+01:00] flutterwave/rave.NOTICE: Generating Checksum.... [] []
[2021-11-28T13:42:27.137329+01:00] flutterwave/rave.NOTICE: Generating Reference Number.... [] []
[2021-11-28T13:42:27.138954+01:00] flutterwave/rave.NOTICE: Generated Reference Number....MY_NAME_5a22a7f270abc8879 [] []
[2021-11-28T13:42:27.139078+01:00] flutterwave/rave.NOTICE: Rave Class Initializes.... [] []
[2021-11-28T13:42:27.139451+01:00] flutterwave/rave.NOTICE: Generating Checksum.... [] []
[2021-11-28T13:44:42.454315+01:00] flutterwave/rave.NOTICE: Generating Reference Number.... [] []
[2021-11-28T13:44:42.455751+01:00] flutterwave/rave.NOTICE: Generated Reference Number....MY_NAME_5a22a7f270abc8879 [] []
[2021-11-28T13:44:42.455805+01:00] flutterwave/rave.NOTICE: Rave Class Initializes.... [] []
[2021-11-28T13:44:42.455858+01:00] flutterwave/rave.NOTICE: Generating Checksum.... [] []
[2021-11-28T13:44:57.578084+01:00] flutterwave/rave.NOTICE: Generating Reference Number.... [] []
[2021-11-28T13:44:57.579940+01:00] flutterwave/rave.NOTICE: Generated Reference Number....MY_NAME_5a22a7f270abc8879 [] []
[2021-11-28T13:44:57.580121+01:00] flutterwave/rave.NOTICE: Rave Class Initializes.... [] []
[2021-11-28T13:44:57.580236+01:00] flutterwave/rave.NOTICE: Generating Checksum.... [] []
[2021-11-28T13:45:45.296154+01:00] flutterwave/rave.NOTICE: Generating Reference Number.... [] []
[2021-11-28T13:45:45.300174+01:00] flutterwave/rave.NOTICE: Generated Reference Number....RV_61a379f949450 [] []
[2021-11-28T13:45:45.300413+01:00] flutterwave/rave.NOTICE: Rave Class Initializes.... [] []
[2021-11-28T13:45:45.300570+01:00] flutterwave/rave.NOTICE: Payment completed. Now requerying payment. [] []
[2021-11-28T13:45:45.300719+01:00] flutterwave/rave.NOTICE: Requerying Transaction....2658385 [] []
[2021-11-28T13:45:47.183568+01:00] flutterwave/rave.NOTICE: Requeryed a successful transaction....{"id":2658385,"tx_ref":"MY_NAME_5a22a7f270abc8879","flw_ref":"flwm3s4m0c1638103537606","device_fingerprint":"3b589a072a3c88a437a31b8ccd0ab83f","amount":100,"currency":"RWF","charged_amount":100,"app_fee":2.9,"merchant_fee":0,"processor_response":"Approved","auth_model":"MOBILEMONEY","ip":"41.186.78.93","narration":"online lawyer","status":"successful","payment_type":"mobilemoneyrw","created_at":"2021-11-28T12:45:37.000Z","account_id":1086458,"meta":{"__CheckoutInitAddress":"http:\/\/localhost\/Flutterwave\/processPayment.php"},"amount_settled":97.1,"customer":{"id":1453702,"name":"Olaobaju Abraham","phone_number":"+250780591269","email":"busa@yahoo.com","created_at":"2021-11-28T12:45:36.000Z"}} [] []
