[2021-12-07T06:51:21.751279+01:00] flutterwave/rave.NOTICE: Generating Reference Number.... [] []
[2021-12-07T06:51:21.753169+01:00] flutterwave/rave.NOTICE: Generated Reference Number....RV_61aef659b7dfb [] []
[2021-12-07T06:51:21.753376+01:00] flutterwave/rave.NOTICE: Rave Class Initializes.... [] []
[2021-12-07T06:51:21.753762+01:00] flutterwave/rave.NOTICE: Generating Checksum.... [] []
[2021-12-07T07:57:40.787855+01:00] flutterwave/rave.NOTICE: Generating Reference Number.... [] []
[2021-12-07T07:57:40.790396+01:00] flutterwave/rave.NOTICE: Generated Reference Number....RV_61af05e4c0f6d [] []
[2021-12-07T07:57:40.790467+01:00] flutterwave/rave.NOTICE: Rave Class Initializes.... [] []
[2021-12-07T07:57:40.790527+01:00] flutterwave/rave.NOTICE: Generating Checksum.... [] []
[2021-12-07T08:05:16.993201+01:00] flutterwave/rave.NOTICE: Generating Reference Number.... [] []
[2021-12-07T08:05:16.994732+01:00] flutterwave/rave.NOTICE: Generated Reference Number....RV_61af07acf2d99 [] []
[2021-12-07T08:05:16.994813+01:00] flutterwave/rave.NOTICE: Rave Class Initializes.... [] []
[2021-12-07T08:05:16.994873+01:00] flutterwave/rave.NOTICE: Generating Checksum.... [] []
[2021-12-07T08:06:18.035134+01:00] flutterwave/rave.NOTICE: Generating Reference Number.... [] []
[2021-12-07T08:06:18.036403+01:00] flutterwave/rave.NOTICE: Generated Reference Number....RV_61af07ea08e27 [] []
[2021-12-07T08:06:18.036459+01:00] flutterwave/rave.NOTICE: Rave Class Initializes.... [] []
[2021-12-07T08:06:18.036506+01:00] flutterwave/rave.NOTICE: Generating Checksum.... [] []
[2021-12-07T08:36:27.322550+01:00] flutterwave/rave.NOTICE: Generating Reference Number.... [] []
[2021-12-07T08:36:27.364526+01:00] flutterwave/rave.NOTICE: Generated Reference Number....RV_61af0efb58fdc [] []
[2021-12-07T08:36:27.364604+01:00] flutterwave/rave.NOTICE: Rave Class Initializes.... [] []
[2021-12-07T08:36:27.364716+01:00] flutterwave/rave.NOTICE: Generating Checksum.... [] []
[2021-12-07T08:44:49.044053+01:00] flutterwave/rave.NOTICE: Generating Reference Number.... [] []
[2021-12-07T08:44:49.045683+01:00] flutterwave/rave.NOTICE: Generated Reference Number....RV_61af10f10b266 [] []
[2021-12-07T08:44:49.045741+01:00] flutterwave/rave.NOTICE: Rave Class Initializes.... [] []
[2021-12-07T08:44:49.045825+01:00] flutterwave/rave.NOTICE: Generating Checksum.... [] []
[2021-12-07T08:46:36.636822+01:00] flutterwave/rave.NOTICE: Generating Reference Number.... [] []
[2021-12-07T08:46:36.639021+01:00] flutterwave/rave.NOTICE: Generated Reference Number....RV_61af115c9c01d [] []
[2021-12-07T08:46:36.639081+01:00] flutterwave/rave.NOTICE: Rave Class Initializes.... [] []
[2021-12-07T08:46:36.639132+01:00] flutterwave/rave.NOTICE: Generating Checksum.... [] []
[2021-12-07T08:52:59.709679+01:00] flutterwave/rave.NOTICE: Generating Reference Number.... [] []
[2021-12-07T08:52:59.712687+01:00] flutterwave/rave.NOTICE: Generated Reference Number....RV_61af12dbadfda [] []
[2021-12-07T08:52:59.712793+01:00] flutterwave/rave.NOTICE: Rave Class Initializes.... [] []
[2021-12-07T08:52:59.712885+01:00] flutterwave/rave.NOTICE: Generating Checksum.... [] []
[2021-12-07T08:54:23.850930+01:00] flutterwave/rave.NOTICE: Generating Reference Number.... [] []
[2021-12-07T08:54:23.852506+01:00] flutterwave/rave.NOTICE: Generated Reference Number....RV_61af132fd0209 [] []
[2021-12-07T08:54:23.852588+01:00] flutterwave/rave.NOTICE: Rave Class Initializes.... [] []
[2021-12-07T08:54:23.852685+01:00] flutterwave/rave.NOTICE: Payment completed. Now requerying payment. [] []
[2021-12-07T08:54:23.852764+01:00] flutterwave/rave.NOTICE: Requerying Transaction....2679288 [] []
[2021-12-07T08:54:25.053698+01:00] flutterwave/rave.NOTICE: Requeryed a successful transaction....{"id":2679288,"tx_ref":"RV_61af12dbadfda","flw_ref":"flwm3s4m0c1638863659905","device_fingerprint":"7cb03c43428d48c2f736117dd8b4ae1e","amount":50000,"currency":"RWF","charged_amount":50000,"app_fee":1450,"merchant_fee":0,"processor_response":"Approved","auth_model":"MOBILEMONEY","ip":"197.243.97.2","narration":"Online Lawyer Services","status":"successful","payment_type":"mobilemoneyrw","created_at":"2021-12-07T07:54:19.000Z","account_id":1131754,"meta":{"__CheckoutInitAddress":"http:\/\/localhost\/onlinelawyer\/Flutterwave\/processPayment.php"},"amount_settled":48550,"customer":{"id":1460854,"name":"ingabire jeanne ","phone_number":"0784628745","email":"tresoralain35@gmail.com","created_at":"2021-12-07T07:54:19.000Z"}} [] []
[2021-12-07T09:05:25.929421+01:00] flutterwave/rave.NOTICE: Generating Reference Number.... [] []
[2021-12-07T09:05:25.931756+01:00] flutterwave/rave.NOTICE: Generated Reference Number....RV_61af15c5e3799 [] []
[2021-12-07T09:05:25.931982+01:00] flutterwave/rave.NOTICE: Rave Class Initializes.... [] []
[2021-12-07T09:05:25.932122+01:00] flutterwave/rave.NOTICE: Generating Checksum.... [] []
[2021-12-07T09:06:42.018928+01:00] flutterwave/rave.NOTICE: Generating Reference Number.... [] []
[2021-12-07T09:06:42.023604+01:00] flutterwave/rave.NOTICE: Generated Reference Number....RV_61af161205c19 [] []
[2021-12-07T09:06:42.023894+01:00] flutterwave/rave.NOTICE: Rave Class Initializes.... [] []
[2021-12-07T09:06:42.024019+01:00] flutterwave/rave.NOTICE: Payment completed. Now requerying payment. [] []
[2021-12-07T09:06:42.024109+01:00] flutterwave/rave.NOTICE: Requerying Transaction....2679311 [] []
[2021-12-07T09:06:43.075999+01:00] flutterwave/rave.NOTICE: Requeryed a successful transaction....{"id":2679311,"tx_ref":"RV_61af15c5e3799","flw_ref":"flwm3s4m0c1638864398059","device_fingerprint":"7cb03c43428d48c2f736117dd8b4ae1e","amount":5000,"currency":"RWF","charged_amount":5000,"app_fee":145,"merchant_fee":0,"processor_response":"Approved","auth_model":"MOBILEMONEY","ip":"197.243.97.2","narration":"Online Lawyer Services","status":"successful","payment_type":"mobilemoneyrw","created_at":"2021-12-07T08:06:37.000Z","account_id":1131754,"meta":{"__CheckoutInitAddress":"http:\/\/localhost\/onlinelawyer\/Flutterwave\/processPayment.php"},"amount_settled":4855,"customer":{"id":1460863,"name":"alice niyirora ","phone_number":"0783066017","email":"tresoralain35@gmail.com","created_at":"2021-12-07T08:06:37.000Z"}} [] []
[2021-12-07T09:18:50.888144+01:00] flutterwave/rave.NOTICE: Generating Reference Number.... [] []
[2021-12-07T09:18:50.889740+01:00] flutterwave/rave.NOTICE: Generated Reference Number....RV_61af18ead9380 [] []
[2021-12-07T09:18:50.889846+01:00] flutterwave/rave.NOTICE: Rave Class Initializes.... [] []
[2021-12-07T09:18:50.889946+01:00] flutterwave/rave.NOTICE: Generating Checksum.... [] []
[2021-12-07T09:25:38.649197+01:00] flutterwave/rave.NOTICE: Generating Reference Number.... [] []
[2021-12-07T09:25:38.650725+01:00] flutterwave/rave.NOTICE: Generated Reference Number....RV_61af1a829edda [] []
[2021-12-07T09:25:38.650778+01:00] flutterwave/rave.NOTICE: Rave Class Initializes.... [] []
[2021-12-07T09:25:38.650827+01:00] flutterwave/rave.NOTICE: Generating Checksum.... [] []
[2021-12-07T09:27:33.409482+01:00] flutterwave/rave.NOTICE: Generating Reference Number.... [] []
[2021-12-07T09:27:33.411034+01:00] flutterwave/rave.NOTICE: Generated Reference Number....RV_61af1af56458c [] []
[2021-12-07T09:27:33.411094+01:00] flutterwave/rave.NOTICE: Rave Class Initializes.... [] []
[2021-12-07T09:27:33.411166+01:00] flutterwave/rave.NOTICE: Generating Checksum.... [] []
[2021-12-07T09:43:37.131862+01:00] flutterwave/rave.NOTICE: Generating Reference Number.... [] []
[2021-12-07T09:43:37.136718+01:00] flutterwave/rave.NOTICE: Generated Reference Number....RV_61af1eb92157b [] []
[2021-12-07T09:43:37.136944+01:00] flutterwave/rave.NOTICE: Rave Class Initializes.... [] []
[2021-12-07T09:43:37.137094+01:00] flutterwave/rave.NOTICE: Generating Checksum.... [] []
[2021-12-07T13:07:56.705273+01:00] flutterwave/rave.NOTICE: Generating Reference Number.... [] []
[2021-12-07T13:07:56.752311+01:00] flutterwave/rave.NOTICE: Generated Reference Number....RV_61af4e9cb7aa1 [] []
[2021-12-07T13:07:56.752398+01:00] flutterwave/rave.NOTICE: Rave Class Initializes.... [] []
[2021-12-07T13:07:56.752454+01:00] flutterwave/rave.NOTICE: Generating Checksum.... [] []
[2021-12-07T16:50:32.377023+01:00] flutterwave/rave.NOTICE: Generating Reference Number.... [] []
[2021-12-07T16:50:32.458369+01:00] flutterwave/rave.NOTICE: Generated Reference Number....RV_61af82c86fe63 [] []
[2021-12-07T16:50:32.458499+01:00] flutterwave/rave.NOTICE: Rave Class Initializes.... [] []
[2021-12-07T16:50:32.458586+01:00] flutterwave/rave.NOTICE: Generating Checksum.... [] []
[2021-12-07T17:45:19.670290+01:00] flutterwave/rave.NOTICE: Generating Reference Number.... [] []
[2021-12-07T17:45:19.671919+01:00] flutterwave/rave.NOTICE: Generated Reference Number....RV_61af8f9fa40a3 [] []
[2021-12-07T17:45:19.671973+01:00] flutterwave/rave.NOTICE: Rave Class Initializes.... [] []
[2021-12-07T17:45:19.673750+01:00] flutterwave/rave.NOTICE: Generating Checksum.... [] []
[2021-12-07T20:57:33.088512+01:00] flutterwave/rave.NOTICE: Generating Reference Number.... [] []
[2021-12-07T20:57:33.090610+01:00] flutterwave/rave.NOTICE: Generated Reference Number....RV_61afbcad161e5 [] []
[2021-12-07T20:57:33.090665+01:00] flutterwave/rave.NOTICE: Rave Class Initializes.... [] []
[2021-12-07T20:57:33.090713+01:00] flutterwave/rave.NOTICE: Generating Checksum.... [] []
[2021-12-07T21:21:29.644698+01:00] flutterwave/rave.NOTICE: Generating Reference Number.... [] []
[2021-12-07T21:21:29.646205+01:00] flutterwave/rave.NOTICE: Generated Reference Number....RV_61afc2499dc32 [] []
[2021-12-07T21:21:29.646260+01:00] flutterwave/rave.NOTICE: Rave Class Initializes.... [] []
[2021-12-07T21:21:29.646309+01:00] flutterwave/rave.NOTICE: Generating Checksum.... [] []
[2021-12-07T21:24:29.783927+01:00] flutterwave/rave.NOTICE: Generating Reference Number.... [] []
[2021-12-07T21:24:29.785406+01:00] flutterwave/rave.NOTICE: Generated Reference Number....RV_61afc2fdbfbf3 [] []
[2021-12-07T21:24:29.785465+01:00] flutterwave/rave.NOTICE: Rave Class Initializes.... [] []
[2021-12-07T21:24:29.785510+01:00] flutterwave/rave.NOTICE: Payment completed. Now requerying payment. [] []
[2021-12-07T21:24:29.785549+01:00] flutterwave/rave.NOTICE: Requerying Transaction....2681083 [] []
[2021-12-07T21:24:31.471122+01:00] flutterwave/rave.NOTICE: Requeryed a successful transaction....{"id":2681083,"tx_ref":"RV_61afc2499dc32","flw_ref":"flwm3s4m0c1638908621908","device_fingerprint":"7cb03c43428d48c2f736117dd8b4ae1e","amount":15000,"currency":"RWF","charged_amount":15000,"app_fee":435,"merchant_fee":0,"processor_response":"Approved","auth_model":"MOBILEMONEY","ip":"41.186.78.155","narration":"Online Lawyer Services","status":"successful","payment_type":"mobilemoneyrw","created_at":"2021-12-07T20:23:41.000Z","account_id":1131754,"meta":{"__CheckoutInitAddress":"http:\/\/localhost\/onlinelawyer\/Flutterwave\/processPayment.php"},"amount_settled":14565,"customer":{"id":1461604,"name":"kubwina marc ","phone_number":"0780591269","email":"tresoralain35@gmail.com","created_at":"2021-12-07T20:23:41.000Z"}} [] []
